"../../../Engine/Content/EngineMeshes/Humanoid.uasset" 0
"C:/Users/Radek/Documents/Unreal Projects/TPP_Shooter/Content/AnimStarterPack/UE4_Mannequin/Mesh/UE4_Mannequin_Skeleton.uasset" 1
"C:/Users/Radek/Documents/Unreal Projects/TPP_Shooter/Content/AnimStarterPack/Aim_Space_Hip.uasset" 2
"C:/Users/Radek/Documents/Unreal Projects/TPP_Shooter/Content/AnimStarterPack/Aim_Space_Ironsights.uasset" 3
"C:/Users/Radek/Documents/Unreal Projects/TPP_Shooter/Content/AnimStarterPack/Crouch_to_Stand_Rifle_Hip.uasset" 4
"C:/Users/Radek/Documents/Unreal Projects/TPP_Shooter/Content/AnimStarterPack/Crouch_to_Stand_Rifle_Ironsights.uasset" 5
"C:/Users/Radek/Documents/Unreal Projects/TPP_Shooter/Content/AnimStarterPack/Crouch_Walk_Bwd_Rifle_Ironsights.uasset" 6
"C:/Users/Radek/Documents/Unreal Projects/TPP_Shooter/Content/AnimStarterPack/Crouch_Walk_Lt_Rifle_Ironsights.uasset" 7
"C:/Users/Radek/Documents/Unreal Projects/TPP_Shooter/Content/AnimStarterPack/Crouch_Walk_Rt_Rifle_Ironsights.uasset" 8
"C:/Users/Radek/Documents/Unreal Projects/TPP_Shooter/Content/AnimStarterPack/Death_1.uasset" 9
"C:/Users/Radek/Documents/Unreal Projects/TPP_Shooter/Content/AnimStarterPack/Death_2.uasset" 10
"C:/Users/Radek/Documents/Unreal Projects/TPP_Shooter/Content/AnimStarterPack/Death_3.uasset" 11
"C:/Users/Radek/Documents/Unreal Projects/TPP_Shooter/Content/AnimStarterPack/Death_Ironsights_1.uasset" 12
"C:/Users/Radek/Documents/Unreal Projects/TPP_Shooter/Content/AnimStarterPack/Death_Ironsights_2.uasset" 13
"C:/Users/Radek/Documents/Unreal Projects/TPP_Shooter/Content/AnimStarterPack/Equip_Rifle_Standing.uasset" 14
"C:/Users/Radek/Documents/Unreal Projects/TPP_Shooter/Content/AnimStarterPack/Fire_Rifle_Hip.uasset" 15
"C:/Users/Radek/Documents/Unreal Projects/TPP_Shooter/Content/AnimStarterPack/Fire_Shotgun_Hip.uasset" 16
"C:/Users/Radek/Documents/Unreal Projects/TPP_Shooter/Content/AnimStarterPack/Fire_Shotgun_Ironsights.uasset" 17
"C:/Users/Radek/Documents/Unreal Projects/TPP_Shooter/Content/AnimStarterPack/Hit_React_4.uasset" 18
"C:/Users/Radek/Documents/Unreal Projects/TPP_Shooter/Content/AnimStarterPack/Idle_Pistol.uasset" 19
"C:/Users/Radek/Documents/Unreal Projects/TPP_Shooter/Content/AnimStarterPack/Idle_Rifle_Ironsights.uasset" 20
"C:/Users/Radek/Documents/Unreal Projects/TPP_Shooter/Content/AnimStarterPack/Jump_From_Stand_Ironsights.uasset" 21
"C:/Users/Radek/Documents/Unreal Projects/TPP_Shooter/Content/AnimStarterPack/Prone_Death_1.uasset" 22
"C:/Users/Radek/Documents/Unreal Projects/TPP_Shooter/Content/AnimStarterPack/Prone_Death_2.uasset" 23
"C:/Users/Radek/Documents/Unreal Projects/TPP_Shooter/Content/AnimStarterPack/Prone_Fire_1.uasset" 24
"C:/Users/Radek/Documents/Unreal Projects/TPP_Shooter/Content/AnimStarterPack/Prone_Fire_2.uasset" 25
"C:/Users/Radek/Documents/Unreal Projects/TPP_Shooter/Content/AnimStarterPack/Prone_Idle.uasset" 26
"C:/Users/Radek/Documents/Unreal Projects/TPP_Shooter/Content/AnimStarterPack/Prone_Reload_Rifle.uasset" 27
"C:/Users/Radek/Documents/Unreal Projects/TPP_Shooter/Content/AnimStarterPack/Prone_Reload_Shotgun.uasset" 28
"C:/Users/Radek/Documents/Unreal Projects/TPP_Shooter/Content/AnimStarterPack/Prone_To_Stand.uasset" 29
"C:/Users/Radek/Documents/Unreal Projects/TPP_Shooter/Content/AnimStarterPack/Reload_Pistol.uasset" 30
"C:/Users/Radek/Documents/Unreal Projects/TPP_Shooter/Content/AnimStarterPack/Reload_Rifle_Ironsights.uasset" 31
"C:/Users/Radek/Documents/Unreal Projects/TPP_Shooter/Content/AnimStarterPack/Reload_Shotgun_Hip.uasset" 32
"C:/Users/Radek/Documents/Unreal Projects/TPP_Shooter/Content/AnimStarterPack/Reload_Shotgun_Ironsights.uasset" 33
"C:/Users/Radek/Documents/Unreal Projects/TPP_Shooter/Content/AnimStarterPack/Sprint_Fwd_Rifle.uasset" 34
"C:/Users/Radek/Documents/Unreal Projects/TPP_Shooter/Content/AnimStarterPack/Stand_to_Crouch_Rifle_Hip.uasset" 35
"C:/Users/Radek/Documents/Unreal Projects/TPP_Shooter/Content/AnimStarterPack/Stand_to_Crouch_Rifle_Ironsights.uasset" 36
"C:/Users/Radek/Documents/Unreal Projects/TPP_Shooter/Content/AnimStarterPack/Stand_To_Prone.uasset" 37
"C:/Users/Radek/Documents/Unreal Projects/TPP_Shooter/Content/AnimStarterPack/Walk_Bwd_Rifle_Ironsights.uasset" 38
"C:/Users/Radek/Documents/Unreal Projects/TPP_Shooter/Content/AnimStarterPack/Walk_Lt_Rifle_Ironsights.uasset" 39
"C:/Users/Radek/Documents/Unreal Projects/TPP_Shooter/Content/AnimStarterPack/Walk_Rt_Rifle_Ironsights.uasset" 40
"C:/Users/Radek/Documents/Unreal Projects/TPP_Shooter/Content/FPS_Weapon_Bundle/Weapons/Textures/Accessories/T_V_Grip_NRM.uasset" 41
"C:/Users/Radek/Documents/Unreal Projects/TPP_Shooter/Content/FPS_Weapon_Bundle/Weapons/Textures/Accessories/T_V_Grip_M_MSK.uasset" 42
"C:/Users/Radek/Documents/Unreal Projects/TPP_Shooter/Content/FPS_Weapon_Bundle/Weapons/Textures/Accessories/T_V_Grip_ALB.uasset" 43
"C:/Users/Radek/Documents/Unreal Projects/TPP_Shooter/Content/FPS_Weapon_Bundle/Weapons/Textures/Patterns/T_Stripes__Pattern.uasset" 44
"C:/Users/Radek/Documents/Unreal Projects/TPP_Shooter/Content/FPS_Weapon_Bundle/Weapons/Textures/KA74U/T_KA74U_NRM.uasset" 45
"C:/Users/Radek/Documents/Unreal Projects/TPP_Shooter/Content/FPS_Weapon_Bundle/Weapons/Textures/KA74U/T_KA74U_M_MSK.uasset" 46
"C:/Users/Radek/Documents/Unreal Projects/TPP_Shooter/Content/FPS_Weapon_Bundle/Weapons/Textures/KA74U/T_KA74U_ALB.uasset" 47
"C:/Users/Radek/Documents/Unreal Projects/TPP_Shooter/Content/FPS_Weapon_Bundle/Weapons/Materials/Master_Material/M_Weapon_Master_USE.uasset" 48
"C:/Users/Radek/Documents/Unreal Projects/TPP_Shooter/Content/FPS_Weapon_Bundle/Weapons/Materials/Accessories/M_V_Grip.uasset" 49
"C:/Users/Radek/Documents/Unreal Projects/TPP_Shooter/Content/FPS_Weapon_Bundle/Weapons/Materials/Accessories/M_V_Grip_Green.uasset" 50
"C:/Users/Radek/Documents/Unreal Projects/TPP_Shooter/Content/FPS_Weapon_Bundle/Weapons/Textures/Patterns/T_Desert_Marpat_Pattern.uasset" 51
"C:/Users/Radek/Documents/Unreal Projects/TPP_Shooter/Content/FPS_Weapon_Bundle/Weapons/Textures/AR4/T_AR4_NRM.uasset" 52
"C:/Users/Radek/Documents/Unreal Projects/TPP_Shooter/Content/FPS_Weapon_Bundle/Weapons/Textures/AR4/T_AR4_M_MSK.uasset" 53
"C:/Users/Radek/Documents/Unreal Projects/TPP_Shooter/Content/FPS_Weapon_Bundle/Weapons/Textures/AR4/T_AR4_ALB.uasset" 54
"C:/Users/Radek/Documents/Unreal Projects/TPP_Shooter/Content/FPS_Weapon_Bundle/Weapons/Materials/AR4/M_AR4_Pattern.uasset" 55
"C:/Users/Radek/Documents/Unreal Projects/TPP_Shooter/Content/FPS_Weapon_Bundle/Weapons/Textures/KA47/T_KA47_Gold_M_MSK.uasset" 56
"C:/Users/Radek/Documents/Unreal Projects/TPP_Shooter/Content/FPS_Weapon_Bundle/Weapons/Textures/KA47/T_KA47_Gold_ALB.uasset" 57
"C:/Users/Radek/Documents/Unreal Projects/TPP_Shooter/Content/FPS_Weapon_Bundle/Weapons/Textures/KA47/T_KA47_NRM.uasset" 58
"C:/Users/Radek/Documents/Unreal Projects/TPP_Shooter/Content/FPS_Weapon_Bundle/Weapons/Materials/Ka47/M_KA47_Gold.uasset" 59
"C:/Users/Radek/Documents/Unreal Projects/TPP_Shooter/Content/FPS_Weapon_Bundle/Weapons/Textures/KA47/T_KA47_M_MSK.uasset" 60
"C:/Users/Radek/Documents/Unreal Projects/TPP_Shooter/Content/FPS_Weapon_Bundle/Weapons/Textures/KA47/T_KA47_ALB.uasset" 61
"C:/Users/Radek/Documents/Unreal Projects/TPP_Shooter/Content/FPS_Weapon_Bundle/Weapons/Materials/Ka47/M_KA47.uasset" 62
"C:/Users/Radek/Documents/Unreal Projects/TPP_Shooter/Content/FPS_Weapon_Bundle/Weapons/Materials/Ka47/M_KA47_Pattern.uasset" 63
"C:/Users/Radek/Documents/Unreal Projects/TPP_Shooter/Content/FPS_Weapon_Bundle/Weapons/Textures/KA74U/T_KA74U_Gold_M_MSK.uasset" 64
"C:/Users/Radek/Documents/Unreal Projects/TPP_Shooter/Content/FPS_Weapon_Bundle/Weapons/Textures/KA74U/T_KA74U_Gold_ALB.uasset" 65
"C:/Users/Radek/Documents/Unreal Projects/TPP_Shooter/Content/FPS_Weapon_Bundle/Weapons/Materials/KA74U/M_KA74U.uasset" 66
"C:/Users/Radek/Documents/Unreal Projects/TPP_Shooter/Content/FPS_Weapon_Bundle/Weapons/Materials/KA74U/M_KA74U_Gold.uasset" 67
"C:/Users/Radek/Documents/Unreal Projects/TPP_Shooter/Content/FPS_Weapon_Bundle/Weapons/Textures/Patterns/T_LeafSpray_Pattern.uasset" 68
"C:/Users/Radek/Documents/Unreal Projects/TPP_Shooter/Content/FPS_Weapon_Bundle/Weapons/Materials/KA74U/M_KA74U_LeafSpray.uasset" 69
"C:/Users/Radek/Documents/Unreal Projects/TPP_Shooter/Content/FPS_Weapon_Bundle/Weapons/Textures/Patterns/T_Wood_Marpat_Pattern.uasset" 70
"C:/Users/Radek/Documents/Unreal Projects/TPP_Shooter/Content/FPS_Weapon_Bundle/Weapons/Textures/KA_Val/T_KA_Val_Black_ALB.uasset" 71
"C:/Users/Radek/Documents/Unreal Projects/TPP_Shooter/Content/FPS_Weapon_Bundle/Weapons/Textures/KA_Val/T_KA_Val_NRM.uasset" 72
"C:/Users/Radek/Documents/Unreal Projects/TPP_Shooter/Content/FPS_Weapon_Bundle/Weapons/Textures/KA_Val/T_KA_Val_M_MSK.uasset" 73
"C:/Users/Radek/Documents/Unreal Projects/TPP_Shooter/Content/FPS_Weapon_Bundle/Weapons/Textures/KA_Val/T_KA_Val_ALB.uasset" 74
"C:/Users/Radek/Documents/Unreal Projects/TPP_Shooter/Content/FPS_Weapon_Bundle/Weapons/Materials/KA_Val/M_KA_Val.uasset" 75
"C:/Users/Radek/Documents/Unreal Projects/TPP_Shooter/Content/FPS_Weapon_Bundle/Weapons/Materials/KA_Val/M_KA_Val_Black.uasset" 76
"C:/Users/Radek/Documents/Unreal Projects/TPP_Shooter/Content/FPS_Weapon_Bundle/Weapons/Materials/KA_Val/M_KA_Val_Black_Camo.uasset" 77
"C:/Users/Radek/Documents/Unreal Projects/TPP_Shooter/Content/FPS_Weapon_Bundle/Weapons/Materials/KA_Val/M_KA_Val_Black_Striped.uasset" 78
"C:/Users/Radek/Documents/Unreal Projects/TPP_Shooter/Content/FPS_Weapon_Bundle/Weapons/Textures/RDS/T_RDS_02.uasset" 79
"C:/Users/Radek/Documents/Unreal Projects/TPP_Shooter/Content/FPS_Weapon_Bundle/Weapons/Textures/RDS/T_RDS_01.uasset" 80
"C:/Users/Radek/Documents/Unreal Projects/TPP_Shooter/Content/FPS_Weapon_Bundle/Weapons/Materials/Master_Material/M_RDS_Master.uasset" 81
"C:/Users/Radek/Documents/Unreal Projects/TPP_Shooter/Content/FPS_Weapon_Bundle/Weapons/Materials/RDS/M_RDS_01.uasset" 82
"C:/Users/Radek/Documents/Unreal Projects/TPP_Shooter/Content/FPS_Weapon_Bundle/Weapons/Materials/RDS/M_RDS_02.uasset" 83
"C:/Users/Radek/Documents/Unreal Projects/TPP_Shooter/Content/FPS_Weapon_Bundle/Weapons/Textures/RDS/T_RDS_03.uasset" 84
"C:/Users/Radek/Documents/Unreal Projects/TPP_Shooter/Content/FPS_Weapon_Bundle/Weapons/Materials/RDS/M_RDS_03.uasset" 85
"C:/Users/Radek/Documents/Unreal Projects/TPP_Shooter/Content/FPS_Weapon_Bundle/Weapons/Textures/Patterns/T_Urban_Marpat_Pattern.uasset" 86
"C:/Users/Radek/Documents/Unreal Projects/TPP_Shooter/Content/FPS_Weapon_Bundle/Weapons/Textures/SMG11/T_SMG11_NRM.uasset" 87
"C:/Users/Radek/Documents/Unreal Projects/TPP_Shooter/Content/FPS_Weapon_Bundle/Weapons/Textures/SMG11/T_SMG11_M_MSK.uasset" 88
"C:/Users/Radek/Documents/Unreal Projects/TPP_Shooter/Content/FPS_Weapon_Bundle/Weapons/Textures/SMG11/T_SMG11_ALB.uasset" 89
"C:/Users/Radek/Documents/Unreal Projects/TPP_Shooter/Content/FPS_Weapon_Bundle/Weapons/Materials/SMG11/M_SMG11.uasset" 90
"C:/Users/Radek/Documents/Unreal Projects/TPP_Shooter/Content/FPS_Weapon_Bundle/Weapons/Materials/SMG11/M_SMG11_Camo.uasset" 91
"C:/Users/Radek/Documents/Unreal Projects/TPP_Shooter/Content/FPS_Weapon_Bundle/Weapons/Materials/SMG11/M_SMG11_Color.uasset" 92
"C:/Users/Radek/Documents/Unreal Projects/TPP_Shooter/Content/FPS_Weapon_Bundle/Weapons/Textures/Accessories/T_Scope_25x56_Lens_M_MSK.uasset" 93
"C:/Users/Radek/Documents/Unreal Projects/TPP_Shooter/Content/FPS_Weapon_Bundle/Weapons/Textures/Accessories/T_Scope_25x56_Lens_ALB.uasset" 94
"C:/Users/Radek/Documents/Unreal Projects/TPP_Shooter/Content/FPS_Weapon_Bundle/Weapons/Materials/Master_Material/M_Scope_Lens_MASTER.uasset" 95
"C:/Users/Radek/Documents/Unreal Projects/TPP_Shooter/Content/FPS_Weapon_Bundle/Weapons/Materials/Accessories/M_Scope_25x56_Lens.uasset" 96
"C:/Users/Radek/Documents/Unreal Projects/TPP_Shooter/Content/FPS_Weapon_Bundle/Weapons/Textures/Accessories/T_Scope_25x56_NRM.uasset" 97
"C:/Users/Radek/Documents/Unreal Projects/TPP_Shooter/Content/FPS_Weapon_Bundle/Weapons/Textures/Accessories/T_Scope_25x56_M_MSK.uasset" 98
"C:/Users/Radek/Documents/Unreal Projects/TPP_Shooter/Content/FPS_Weapon_Bundle/Weapons/Textures/Accessories/T_Scope_25x56_ALB.uasset" 99
"C:/Users/Radek/Documents/Unreal Projects/TPP_Shooter/Content/FPS_Weapon_Bundle/Weapons/Materials/Accessories/M_Scope_25x56.uasset" 100
"C:/Users/Radek/Documents/Unreal Projects/TPP_Shooter/Content/FPS_Weapon_Bundle/Weapons/Meshes/Accessories/SM_Scope_25x56_X.uasset" 101
"C:/Users/Radek/Documents/Unreal Projects/TPP_Shooter/Content/FPS_Weapon_Bundle/Weapons/Meshes/AR4/SK_AR4_X_Skeleton.uasset" 102
"C:/Users/Radek/Documents/Unreal Projects/TPP_Shooter/Content/FPS_Weapon_Bundle/Weapons/Meshes/AR4/SK_AR4_X_Physics.uasset" 103
"C:/Users/Radek/Documents/Unreal Projects/TPP_Shooter/Content/FPS_Weapon_Bundle/Weapons/Materials/AR4/M_AR4.uasset" 104
"C:/Users/Radek/Documents/Unreal Projects/TPP_Shooter/Content/FPS_Weapon_Bundle/Weapons/Textures/Ammunition/T_762x39_NRM.uasset" 105
"C:/Users/Radek/Documents/Unreal Projects/TPP_Shooter/Content/FPS_Weapon_Bundle/Weapons/Textures/Ammunition/T_762x39_M_MSK.uasset" 106
"C:/Users/Radek/Documents/Unreal Projects/TPP_Shooter/Content/FPS_Weapon_Bundle/Weapons/Textures/Ammunition/T_762x39_ALB.uasset" 107
"C:/Users/Radek/Documents/Unreal Projects/TPP_Shooter/Content/FPS_Weapon_Bundle/Weapons/Materials/Ammunition/M_762x39_Empty.uasset" 108
"C:/Users/Radek/Documents/Unreal Projects/TPP_Shooter/Content/FPS_Weapon_Bundle/Weapons/Meshes/AR4/SK_AR4_X.uasset" 109
"C:/Users/Radek/Documents/Unreal Projects/TPP_Shooter/Content/FPS_Weapon_Bundle/Weapons/Meshes/AR4/SM_AR4.uasset" 110
"C:/Users/Radek/Documents/Unreal Projects/TPP_Shooter/Content/FPS_Weapon_Bundle/Weapons/Meshes/AR4/SM_AR4_X.uasset" 111
"C:/Users/Radek/Documents/Unreal Projects/TPP_Shooter/Content/FPS_Weapon_Bundle/Weapons/Meshes/G67_Grenade/SK_G67_Skeleton.uasset" 112
"C:/Users/Radek/Documents/Unreal Projects/TPP_Shooter/Content/FPS_Weapon_Bundle/Weapons/Meshes/G67_Grenade/SK_G67_Physics.uasset" 113
"C:/Users/Radek/Documents/Unreal Projects/TPP_Shooter/Content/FPS_Weapon_Bundle/Weapons/Textures/G67_Grenade/T_G67_NRM.uasset" 114
"C:/Users/Radek/Documents/Unreal Projects/TPP_Shooter/Content/FPS_Weapon_Bundle/Weapons/Textures/G67_Grenade/T_G67_M_MSK.uasset" 115
"C:/Users/Radek/Documents/Unreal Projects/TPP_Shooter/Content/FPS_Weapon_Bundle/Weapons/Textures/G67_Grenade/T_G67_ALB.uasset" 116
"C:/Users/Radek/Documents/Unreal Projects/TPP_Shooter/Content/FPS_Weapon_Bundle/Weapons/Materials/G67_Grenade/M_G67.uasset" 117
"C:/Users/Radek/Documents/Unreal Projects/TPP_Shooter/Content/FPS_Weapon_Bundle/Weapons/Meshes/G67_Grenade/SK_G67.uasset" 118
"C:/Users/Radek/Documents/Unreal Projects/TPP_Shooter/Content/FPS_Weapon_Bundle/Weapons/Meshes/G67_Grenade/SM_G67.uasset" 119
"C:/Users/Radek/Documents/Unreal Projects/TPP_Shooter/Content/FPS_Weapon_Bundle/Weapons/Meshes/G67_Grenade/SM_G67_Thrown.uasset" 120
"C:/Users/Radek/Documents/Unreal Projects/TPP_Shooter/Content/FPS_Weapon_Bundle/Weapons/Meshes/G67_Grenade/SM_G67_X.uasset" 121
"C:/Users/Radek/Documents/Unreal Projects/TPP_Shooter/Content/FPS_Weapon_Bundle/Weapons/Meshes/Ka47/SK_KA47_X_Skeleton.uasset" 122
"C:/Users/Radek/Documents/Unreal Projects/TPP_Shooter/Content/FPS_Weapon_Bundle/Weapons/Meshes/Ka47/SK_KA47_X_Physics.uasset" 123
"C:/Users/Radek/Documents/Unreal Projects/TPP_Shooter/Content/FPS_Weapon_Bundle/Weapons/Meshes/Ka47/SK_KA47_X.uasset" 124
"C:/Users/Radek/Documents/Unreal Projects/TPP_Shooter/Content/FPS_Weapon_Bundle/Weapons/Meshes/Ka47/SM_KA47.uasset" 125
"C:/Users/Radek/Documents/Unreal Projects/TPP_Shooter/Content/FPS_Weapon_Bundle/Weapons/Meshes/Ka47/SM_KA47_X.uasset" 126
"C:/Users/Radek/Documents/Unreal Projects/TPP_Shooter/Content/FPS_Weapon_Bundle/Weapons/Meshes/KA74U/SK_KA74U_X_Skeleton.uasset" 127
"C:/Users/Radek/Documents/Unreal Projects/TPP_Shooter/Content/FPS_Weapon_Bundle/Weapons/Meshes/KA74U/SK_KA74U_X_Physics.uasset" 128
"C:/Users/Radek/Documents/Unreal Projects/TPP_Shooter/Content/FPS_Weapon_Bundle/Weapons/Meshes/KA74U/SK_KA74U_X.uasset" 129
"C:/Users/Radek/Documents/Unreal Projects/TPP_Shooter/Content/FPS_Weapon_Bundle/Weapons/Meshes/KA74U/SM_KA74U_X.uasset" 130
"C:/Users/Radek/Documents/Unreal Projects/TPP_Shooter/Content/FPS_Weapon_Bundle/Weapons/Meshes/KA74U/SM_KA74U_Y.uasset" 131
"C:/Users/Radek/Documents/Unreal Projects/TPP_Shooter/Content/FPS_Weapon_Bundle/Weapons/Meshes/KA_Val/SK_KA_Val_X_Skeleton.uasset" 132
"C:/Users/Radek/Documents/Unreal Projects/TPP_Shooter/Content/FPS_Weapon_Bundle/Weapons/Meshes/KA_Val/SK_KA_Val_X_Physics.uasset" 133
"C:/Users/Radek/Documents/Unreal Projects/TPP_Shooter/Content/FPS_Weapon_Bundle/Weapons/Meshes/KA_Val/SK_KA_Val_X.uasset" 134
"C:/Users/Radek/Documents/Unreal Projects/TPP_Shooter/Content/FPS_Weapon_Bundle/Weapons/Meshes/KA_Val/SM_KA_Val_Mag_X.uasset" 135
"C:/Users/Radek/Documents/Unreal Projects/TPP_Shooter/Content/FPS_Weapon_Bundle/Weapons/Meshes/KA_Val/SM_KA_Val_X.uasset" 136
"C:/Users/Radek/Documents/Unreal Projects/TPP_Shooter/Content/FPS_Weapon_Bundle/Weapons/Meshes/KA_Val/SM_KA_Val_Y.uasset" 137
"C:/Users/Radek/Documents/Unreal Projects/TPP_Shooter/Content/FPS_Weapon_Bundle/Weapons/Meshes/M9_Knife/SK_M9_Knife_Skeleton.uasset" 138
"C:/Users/Radek/Documents/Unreal Projects/TPP_Shooter/Content/FPS_Weapon_Bundle/Weapons/Meshes/M9_Knife/SK_M9_Knife_Physics.uasset" 139
"C:/Users/Radek/Documents/Unreal Projects/TPP_Shooter/Content/FPS_Weapon_Bundle/Weapons/Textures/M9_Knife/T_M9_NRM.uasset" 140
"C:/Users/Radek/Documents/Unreal Projects/TPP_Shooter/Content/FPS_Weapon_Bundle/Weapons/Textures/M9_Knife/T_M9_M_MSK.uasset" 141
"C:/Users/Radek/Documents/Unreal Projects/TPP_Shooter/Content/FPS_Weapon_Bundle/Weapons/Textures/M9_Knife/T_M9_ALB.uasset" 142
"C:/Users/Radek/Documents/Unreal Projects/TPP_Shooter/Content/FPS_Weapon_Bundle/Weapons/Materials/M9_Knife/M_M9_Knife.uasset" 143
"C:/Users/Radek/Documents/Unreal Projects/TPP_Shooter/Content/FPS_Weapon_Bundle/Weapons/Meshes/M9_Knife/SK_M9_Knife.uasset" 144
"C:/Users/Radek/Documents/Unreal Projects/TPP_Shooter/Content/FPS_Weapon_Bundle/Weapons/Meshes/M9_Knife/SM_M9_Knife.uasset" 145
"C:/Users/Radek/Documents/Unreal Projects/TPP_Shooter/Content/FPS_Weapon_Bundle/Weapons/Meshes/M9_Knife/SM_M9_Knife_X.uasset" 146
"C:/Users/Radek/Documents/Unreal Projects/TPP_Shooter/Content/FPS_Weapon_Bundle/Weapons/Meshes/SMG11/SK_SMG11_Nostock_X_Skeleton.uasset" 147
"C:/Users/Radek/Documents/Unreal Projects/TPP_Shooter/Content/FPS_Weapon_Bundle/Weapons/Meshes/SMG11/SK_SMG11_Nostock_X_Physics.uasset" 148
"C:/Users/Radek/Documents/Unreal Projects/TPP_Shooter/Content/FPS_Weapon_Bundle/Weapons/Textures/SMG11/T_SMG11_Rem_NRM.uasset" 149
"C:/Users/Radek/Documents/Unreal Projects/TPP_Shooter/Content/FPS_Weapon_Bundle/Weapons/Textures/SMG11/T_SMG11_Rem_M_MSK.uasset" 150
"C:/Users/Radek/Documents/Unreal Projects/TPP_Shooter/Content/FPS_Weapon_Bundle/Weapons/Textures/SMG11/T_SMG11_Rem_ALB.uasset" 151
"C:/Users/Radek/Documents/Unreal Projects/TPP_Shooter/Content/FPS_Weapon_Bundle/Weapons/Materials/SMG11/M_SMG11_Rem.uasset" 152
"C:/Users/Radek/Documents/Unreal Projects/TPP_Shooter/Content/FPS_Weapon_Bundle/Weapons/Textures/Ammunition/T_9mm_NRM.uasset" 153
"C:/Users/Radek/Documents/Unreal Projects/TPP_Shooter/Content/FPS_Weapon_Bundle/Weapons/Textures/Ammunition/T_9mm_M_MSK.uasset" 154
"C:/Users/Radek/Documents/Unreal Projects/TPP_Shooter/Content/FPS_Weapon_Bundle/Weapons/Textures/Ammunition/T_9mm_ALB.uasset" 155
"C:/Users/Radek/Documents/Unreal Projects/TPP_Shooter/Content/FPS_Weapon_Bundle/Weapons/Materials/Ammunition/M_9mm.uasset" 156
"C:/Users/Radek/Documents/Unreal Projects/TPP_Shooter/Content/FPS_Weapon_Bundle/Weapons/Meshes/SMG11/SK_SMG11_Nostock_X.uasset" 157
"C:/Users/Radek/Documents/Unreal Projects/TPP_Shooter/Content/FPS_Weapon_Bundle/Weapons/Meshes/SMG11/SK_SMG11_X_Skeleton.uasset" 158
"C:/Users/Radek/Documents/Unreal Projects/TPP_Shooter/Content/FPS_Weapon_Bundle/Weapons/Meshes/SMG11/SK_SMG11_X_Physics.uasset" 159
"C:/Users/Radek/Documents/Unreal Projects/TPP_Shooter/Content/FPS_Weapon_Bundle/Weapons/Meshes/SMG11/SK_SMG11_X.uasset" 160
"C:/Users/Radek/Documents/Unreal Projects/TPP_Shooter/Content/FPS_Weapon_Bundle/Weapons/Meshes/SMG11/SM_SMG11_Mag_Empty_Y.uasset" 161
"C:/Users/Radek/Documents/Unreal Projects/TPP_Shooter/Content/FPS_Weapon_Bundle/Weapons/Meshes/SMG11/SM_SMG11_Nostock_X.uasset" 162
"C:/Users/Radek/Documents/Unreal Projects/TPP_Shooter/Content/FPS_Weapon_Bundle/Weapons/Meshes/SMG11/SM_SMG11_Nostock_Y.uasset" 163
"C:/Users/Radek/Documents/Unreal Projects/TPP_Shooter/Content/FPS_Weapon_Bundle/Weapons/Meshes/SMG11/SM_SMG11_X.uasset" 164
"C:/Users/Radek/Documents/Unreal Projects/TPP_Shooter/Content/FPS_Weapon_Bundle/Weapons/Meshes/SMG11/SM_SMG11_Y.uasset" 165
"C:/Users/Radek/Documents/Unreal Projects/TPP_Shooter/Content/FPS_Weapon_Bundle/Weapons/Textures/Patterns/T_80s_Pattern.uasset" 166
"C:/Users/Radek/Documents/Unreal Projects/TPP_Shooter/Content/FPS_Weapon_Bundle/Weapons/Textures/Patterns/T_Chochip_Pattern.uasset" 167
"C:/Users/Radek/Documents/Unreal Projects/TPP_Shooter/Content/FPS_Weapon_Bundle/Weapons/Textures/Patterns/T_Cracks_Pattern.uasset" 168
"C:/Users/Radek/Documents/Unreal Projects/TPP_Shooter/Content/FPS_Weapon_Bundle/Weapons/Textures/Patterns/T_Hexagon_Glow_Pattern.uasset" 169
"C:/Users/Radek/Documents/Unreal Projects/TPP_Shooter/Content/FPS_Weapon_Bundle/Weapons/Textures/Patterns/T_Hexagon_Pattern.uasset" 170
"C:/Users/Radek/Documents/Unreal Projects/TPP_Shooter/Content/FPS_Weapon_Bundle/Weapons/Textures/Patterns/T_Ink_Pattern.uasset" 171
"C:/Users/Radek/Documents/Unreal Projects/TPP_Shooter/Content/FPS_Weapon_Bundle/Weapons/Textures/Patterns/T_Net01_Pattern.uasset" 172
"C:/Users/Radek/Documents/Unreal Projects/TPP_Shooter/Content/FPS_Weapon_Bundle/Weapons/Textures/Patterns/T_W90K_Pattern.uasset" 173
"C:/Users/Radek/Documents/Unreal Projects/TPP_Shooter/Content/FPS_Weapon_Bundle/Weapons/Textures/Patterns/T_W90_Pattern.uasset" 174
"C:/Users/Radek/Documents/Unreal Projects/TPP_Shooter/Content/Intractaleb/E_Gun_Equiped_State.uasset" 175
"../../../Engine/Content/Animation/DefaultAnimBoneCompressionSettings.uasset" 176
"../../../Engine/Content/Animation/DefaultAnimCurveCompressionSettings.uasset" 177
"C:/Users/Radek/Documents/Unreal Projects/TPP_Shooter/Content/Mannequin/Character/Mesh/UE4_Mannequin_Skeleton_M.uasset" 178
"C:/Users/Radek/Documents/Unreal Projects/TPP_Shooter/Content/Mannequin/Animations/ThirdPersonJump_End.uasset" 179
"C:/Users/Radek/Documents/Unreal Projects/TPP_Shooter/Content/Mannequin/Character/Mesh/SK_Mannequin_Female_PhysicsAsset.uasset" 180
"C:/Users/Radek/Documents/Unreal Projects/TPP_Shooter/Content/Mannequin/Character/Textures/T_UE4Logo_N.uasset" 181
"C:/Users/Radek/Documents/Unreal Projects/TPP_Shooter/Content/Mannequin/Character/Textures/T_UE4Logo_Mask.uasset" 182
"C:/Users/Radek/Documents/Unreal Projects/TPP_Shooter/Content/Mannequin/Character/Textures/T_Male_N.uasset" 183
"C:/Users/Radek/Documents/Unreal Projects/TPP_Shooter/Content/Mannequin/Character/Textures/T_Male_Mask.uasset" 184
"C:/Users/Radek/Documents/Unreal Projects/TPP_Shooter/Content/Mannequin/Character/Materials/MaterialLayers/T_ML_Rubber_Blue_01_N.uasset" 185
"C:/Users/Radek/Documents/Unreal Projects/TPP_Shooter/Content/Mannequin/Character/Materials/MaterialLayers/T_ML_Rubber_Blue_01_D.uasset" 186
"C:/Users/Radek/Documents/Unreal Projects/TPP_Shooter/Content/Mannequin/Character/Materials/MaterialLayers/T_ML_Aluminum01_N.uasset" 187
"C:/Users/Radek/Documents/Unreal Projects/TPP_Shooter/Content/Mannequin/Character/Materials/MaterialLayers/T_ML_Aluminum01.uasset" 188
"C:/Users/Radek/Documents/Unreal Projects/TPP_Shooter/Content/Mannequin/Character/Materials/MaterialLayers/ML_SoftMetal_UE4.uasset" 189
"C:/Users/Radek/Documents/Unreal Projects/TPP_Shooter/Content/Mannequin/Character/Materials/MaterialLayers/ML_Plastic_Shiny_Beige_LOGO.uasset" 190
"C:/Users/Radek/Documents/Unreal Projects/TPP_Shooter/Content/Mannequin/Character/Materials/MaterialLayers/ML_Plastic_Shiny_Beige.uasset" 191
"C:/Users/Radek/Documents/Unreal Projects/TPP_Shooter/Content/Mannequin/Character/Materials/MaterialLayers/ML_GlossyBlack_Latex_UE4.uasset" 192
"../../../Engine/Content/Functions/MaterialLayerFunctions/MatLayerBlend_Simple.uasset" 193
"../../../Engine/Content/Functions/Engine_MaterialFunctions02/Utility/BlendAngleCorrectedNormals.uasset" 194
"../../../Engine/Content/Functions/MaterialLayerFunctions/MatLayerBlend_NormalBlend.uasset" 195
"C:/Users/Radek/Documents/Unreal Projects/TPP_Shooter/Content/Mannequin/Character/Materials/M_Male_Body.uasset" 196
"C:/Users/Radek/Documents/Unreal Projects/TPP_Shooter/Content/Mannequin/Character/Materials/M_UE4Man_ChestLogo.uasset" 197
"C:/Users/Radek/Documents/Unreal Projects/TPP_Shooter/Content/Mannequin/Character/Textures/T_Female_N.uasset" 198
"C:/Users/Radek/Documents/Unreal Projects/TPP_Shooter/Content/Mannequin/Character/Textures/T_Female_Mask.uasset" 199
"C:/Users/Radek/Documents/Unreal Projects/TPP_Shooter/Content/Mannequin/Character/Materials/MI_Female_Body.uasset" 200
"C:/Users/Radek/Documents/Unreal Projects/TPP_Shooter/Content/Mannequin/Character/Mesh/SK_Mannequin_Female.uasset" 201
"C:/Users/Radek/Documents/Unreal Projects/TPP_Shooter/Content/Retargeting_Anim/Aim_Space_Hip.uasset" 202
"C:/Users/Radek/Documents/Unreal Projects/TPP_Shooter/Content/Retargeting_Anim/Aim_Space_Ironsights.uasset" 203
"C:/Users/Radek/Documents/Unreal Projects/TPP_Shooter/Content/Retargeting_Anim/Crouch_Idle_Rifle_Hip.uasset" 204
"C:/Users/Radek/Documents/Unreal Projects/TPP_Shooter/Content/Retargeting_Anim/Crouch_Idle_Rifle_Ironsights.uasset" 205
"C:/Users/Radek/Documents/Unreal Projects/TPP_Shooter/Content/Retargeting_Anim/Crouch_to_Stand_Rifle_Hip.uasset" 206
"C:/Users/Radek/Documents/Unreal Projects/TPP_Shooter/Content/Retargeting_Anim/Crouch_to_Stand_Rifle_Ironsights.uasset" 207
"C:/Users/Radek/Documents/Unreal Projects/TPP_Shooter/Content/Retargeting_Anim/Death_1.uasset" 208
"C:/Users/Radek/Documents/Unreal Projects/TPP_Shooter/Content/Retargeting_Anim/Death_2.uasset" 209
"C:/Users/Radek/Documents/Unreal Projects/TPP_Shooter/Content/Retargeting_Anim/Death_3.uasset" 210
"C:/Users/Radek/Documents/Unreal Projects/TPP_Shooter/Content/Retargeting_Anim/Death_Ironsights_1.uasset" 211
"C:/Users/Radek/Documents/Unreal Projects/TPP_Shooter/Content/Retargeting_Anim/Death_Ironsights_2.uasset" 212
"C:/Users/Radek/Documents/Unreal Projects/TPP_Shooter/Content/Retargeting_Anim/Equip_Pistol_Standing.uasset" 213
"C:/Users/Radek/Documents/Unreal Projects/TPP_Shooter/Content/Retargeting_Anim/Equip_Rifle_Standing.uasset" 214
"C:/Users/Radek/Documents/Unreal Projects/TPP_Shooter/Content/Retargeting_Anim/Fire_Rifle_Hip.uasset" 215
"C:/Users/Radek/Documents/Unreal Projects/TPP_Shooter/Content/Retargeting_Anim/Fire_Rifle_Ironsights.uasset" 216
"C:/Users/Radek/Documents/Unreal Projects/TPP_Shooter/Content/Retargeting_Anim/Fire_Shotgun_Hip.uasset" 217
"C:/Users/Radek/Documents/Unreal Projects/TPP_Shooter/Content/Retargeting_Anim/Fire_Shotgun_Ironsights.uasset" 218
"C:/Users/Radek/Documents/Unreal Projects/TPP_Shooter/Content/Retargeting_Anim/Hit_React_1.uasset" 219
"C:/Users/Radek/Documents/Unreal Projects/TPP_Shooter/Content/Retargeting_Anim/Hit_React_2.uasset" 220
"C:/Users/Radek/Documents/Unreal Projects/TPP_Shooter/Content/Retargeting_Anim/Hit_React_3.uasset" 221
"C:/Users/Radek/Documents/Unreal Projects/TPP_Shooter/Content/Retargeting_Anim/Hit_React_4.uasset" 222
"C:/Users/Radek/Documents/Unreal Projects/TPP_Shooter/Content/Retargeting_Anim/Idle_Rifle_Hip_Break1.uasset" 223
"C:/Users/Radek/Documents/Unreal Projects/TPP_Shooter/Content/Retargeting_Anim/Idle_Rifle_Hip_Break2.uasset" 224
"C:/Users/Radek/Documents/Unreal Projects/TPP_Shooter/Content/Retargeting_Anim/Prone_Death_1.uasset" 225
"C:/Users/Radek/Documents/Unreal Projects/TPP_Shooter/Content/Retargeting_Anim/Prone_Death_2.uasset" 226
"C:/Users/Radek/Documents/Unreal Projects/TPP_Shooter/Content/Retargeting_Anim/Prone_Fire_1.uasset" 227
"C:/Users/Radek/Documents/Unreal Projects/TPP_Shooter/Content/Retargeting_Anim/Prone_Fire_2.uasset" 228
"C:/Users/Radek/Documents/Unreal Projects/TPP_Shooter/Content/Retargeting_Anim/Prone_Idle.uasset" 229
"C:/Users/Radek/Documents/Unreal Projects/TPP_Shooter/Content/Retargeting_Anim/Prone_Reload_Rifle.uasset" 230
"C:/Users/Radek/Documents/Unreal Projects/TPP_Shooter/Content/Retargeting_Anim/Prone_Reload_Shotgun.uasset" 231
"C:/Users/Radek/Documents/Unreal Projects/TPP_Shooter/Content/Retargeting_Anim/Prone_To_Stand.uasset" 232
"C:/Users/Radek/Documents/Unreal Projects/TPP_Shooter/Content/Retargeting_Anim/Reload_Pistol.uasset" 233
"C:/Users/Radek/Documents/Unreal Projects/TPP_Shooter/Content/Retargeting_Anim/Reload_Rifle_Hip.uasset" 234
"C:/Users/Radek/Documents/Unreal Projects/TPP_Shooter/Content/Retargeting_Anim/Reload_Rifle_Ironsights.uasset" 235
"C:/Users/Radek/Documents/Unreal Projects/TPP_Shooter/Content/Retargeting_Anim/Reload_Shotgun_Hip.uasset" 236
"C:/Users/Radek/Documents/Unreal Projects/TPP_Shooter/Content/Retargeting_Anim/Reload_Shotgun_Ironsights.uasset" 237
"C:/Users/Radek/Documents/Unreal Projects/TPP_Shooter/Content/Retargeting_Anim/Stand_to_Crouch_Rifle_Hip.uasset" 238
"C:/Users/Radek/Documents/Unreal Projects/TPP_Shooter/Content/Retargeting_Anim/Stand_to_Crouch_Rifle_Ironsights.uasset" 239
"C:/Users/Radek/Documents/Unreal Projects/TPP_Shooter/Content/Retargeting_Anim/Stand_To_Prone.uasset" 240
"C:/Users/Radek/Documents/Unreal Projects/TPP_Shooter/Content/Retargeting_Anim/AimOffset/Aim_Space_Ironsights.uasset" 241
"C:/Users/Radek/Documents/Unreal Projects/TPP_Shooter/Content/Retargeting_Anim/Crouch_Walk_Rt_Rifle_Hip.uasset" 242
"C:/Users/Radek/Documents/Unreal Projects/TPP_Shooter/Content/Retargeting_Anim/Crouch_Walk_Lt_Rifle_Hip.uasset" 243
"C:/Users/Radek/Documents/Unreal Projects/TPP_Shooter/Content/Retargeting_Anim/Crouch_Walk_Fwd_Rifle_Hip.uasset" 244
"C:/Users/Radek/Documents/Unreal Projects/TPP_Shooter/Content/Retargeting_Anim/Crouch_Walk_Bwd_Rifle_Hip.uasset" 245
"C:/Users/Radek/Documents/Unreal Projects/TPP_Shooter/Content/Retargeting_Anim/BlendSpaces/BS_CrouCht_Walk_Hip.uasset" 246
"C:/Users/Radek/Documents/Unreal Projects/TPP_Shooter/Content/Retargeting_Anim/Crouch_Walk_Fwd_Rifle_Ironsights.uasset" 247
"C:/Users/Radek/Documents/Unreal Projects/TPP_Shooter/Content/Retargeting_Anim/Crouch_Walk_Bwd_Rifle_Ironsights.uasset" 248
"C:/Users/Radek/Documents/Unreal Projects/TPP_Shooter/Content/Retargeting_Anim/Crouch_Walk_Lt_Rifle_Ironsights.uasset" 249
"C:/Users/Radek/Documents/Unreal Projects/TPP_Shooter/Content/Retargeting_Anim/Crouch_Walk_Rt_Rifle_Ironsights.uasset" 250
"C:/Users/Radek/Documents/Unreal Projects/TPP_Shooter/Content/Retargeting_Anim/BlendSpaces/BS_CrouCht_Walk_Ironsight.uasset" 251
"C:/Users/Radek/Documents/Unreal Projects/TPP_Shooter/Content/Retargeting_Anim/Jog_Rt_Rifle.uasset" 252
"C:/Users/Radek/Documents/Unreal Projects/TPP_Shooter/Content/Retargeting_Anim/Jog_Lt_Rifle.uasset" 253
"C:/Users/Radek/Documents/Unreal Projects/TPP_Shooter/Content/Retargeting_Anim/Jog_Fwd_Rifle.uasset" 254
"C:/Users/Radek/Documents/Unreal Projects/TPP_Shooter/Content/Retargeting_Anim/Jog_Bwd_Rifle.uasset" 255
"C:/Users/Radek/Documents/Unreal Projects/TPP_Shooter/Content/Retargeting_Anim/BlendSpaces/BS_Jog.uasset" 256
"C:/Users/Radek/Documents/Unreal Projects/TPP_Shooter/Content/ThirdPersonBP/ThirdPersonOverview.uasset" 257
"C:/Users/Radek/Documents/Unreal Projects/TPP_Shooter/Content/Retargeting_Anim/Amin_Montage/Reload_Rifle_Hip.uasset" 258
"C:/Users/Radek/Documents/Unreal Projects/TPP_Shooter/Content/Retargeting_Anim/Amin_Montage/Reload_Rifle_Hip_Montage.uasset" 259
"C:/Users/Radek/Documents/Unreal Projects/TPP_Shooter/Content/Retargeting_Anim/Amin_Montage/Equip_Rifle_Standing.uasset" 260
"C:/Users/Radek/Documents/Unreal Projects/TPP_Shooter/Content/Retargeting_Anim/Amin_Montage/Equip_Unequip_Montage.uasset" 261
"C:/Users/Radek/Documents/Unreal Projects/TPP_Shooter/Content/Retargeting_Anim/Amin_Montage/Equip_Rifle_Montage.uasset" 262
"C:/Users/Radek/Documents/Unreal Projects/TPP_Shooter/Content/Jump_From_Jog_End.uasset" 263
"C:/Users/Radek/Documents/Unreal Projects/TPP_Shooter/Content/Jump_From_Jog_Loop.uasset" 264
"C:/Users/Radek/Documents/Unreal Projects/TPP_Shooter/Content/Jump_From_Jog_Start.uasset" 265
"../../../Engine/Content/EditorBlueprintResources/StandardMacros.uasset" 266
"C:/Users/Radek/Documents/Unreal Projects/TPP_Shooter/Content/Intractaleb/E_Change_Weapon.uasset" 267
"C:/Users/Radek/Documents/Unreal Projects/TPP_Shooter/Content/Mannequin/Animations/ThirdPerson_Jump.uasset" 268
"C:/Users/Radek/Documents/Unreal Projects/TPP_Shooter/Content/Mannequin/Animations/ThirdPersonWalk.uasset" 269
"C:/Users/Radek/Documents/Unreal Projects/TPP_Shooter/Content/Mannequin/Animations/ThirdPersonRun.uasset" 270
"C:/Users/Radek/Documents/Unreal Projects/TPP_Shooter/Content/Mannequin/Animations/ThirdPersonIdle.uasset" 271
"C:/Users/Radek/Documents/Unreal Projects/TPP_Shooter/Content/Mannequin/Animations/ThirdPerson_IdleRun_2D.uasset" 272
"C:/Users/Radek/Documents/Unreal Projects/TPP_Shooter/Content/Mannequin/Animations/ThirdPersonJump_Start.uasset" 273
"C:/Users/Radek/Documents/Unreal Projects/TPP_Shooter/Content/Mannequin/Animations/ThirdPersonJump_Loop.uasset" 274
"C:/Users/Radek/Documents/Unreal Projects/TPP_Shooter/Content/Intractaleb/E_Gun_Type.uasset" 275
"C:/Users/Radek/Documents/Unreal Projects/TPP_Shooter/Content/Intractaleb/E_Gun_State.uasset" 276
"C:/Users/Radek/Documents/Unreal Projects/TPP_Shooter/Content/FPS_Weapon_Bundle/Weapons/Meshes/Ka47/SM_KA47_Mag_Empty.uasset" 277
"C:/Users/Radek/Documents/Unreal Projects/TPP_Shooter/Content/Intractaleb/Weapons/AK47/AK47_SpawnMag.uasset" 278
"C:/Users/Radek/Documents/Unreal Projects/TPP_Shooter/Content/Intractaleb/Fire_Interface.uasset" 279
"C:/Users/Radek/Documents/Unreal Projects/TPP_Shooter/Content/Intractaleb/Interact_Interface.uasset" 280
"C:/Users/Radek/Documents/Unreal Projects/TPP_Shooter/Content/Intractaleb/Weapons/Inventory_Component.uasset" 281
"C:/Users/Radek/Documents/Unreal Projects/TPP_Shooter/Content/Intractaleb/Weapons/Gun_Parent.uasset" 282
"C:/Users/Radek/Documents/Unreal Projects/TPP_Shooter/Content/Retargeting_Anim/Walk_Rt_Rifle_Ironsights.uasset" 283
"C:/Users/Radek/Documents/Unreal Projects/TPP_Shooter/Content/Retargeting_Anim/Walk_Lt_Rifle_Ironsights.uasset" 284
"C:/Users/Radek/Documents/Unreal Projects/TPP_Shooter/Content/Retargeting_Anim/Walk_Fwd_Rifle_Ironsights.uasset" 285
"C:/Users/Radek/Documents/Unreal Projects/TPP_Shooter/Content/Retargeting_Anim/Walk_Bwd_Rifle_Ironsights.uasset" 286
"C:/Users/Radek/Documents/Unreal Projects/TPP_Shooter/Content/Retargeting_Anim/Blend_Spaces/BS_Walk_Ironsight.uasset" 287
"C:/Users/Radek/Documents/Unreal Projects/TPP_Shooter/Content/Retargeting_Anim/Idle_Rifle_Hip.uasset" 288
"C:/Users/Radek/Documents/Unreal Projects/TPP_Shooter/Content/Retargeting_Anim/Blend_Spaces/BS_Jog.uasset" 289
"C:/Users/Radek/Documents/Unreal Projects/TPP_Shooter/Content/Retargeting_Anim/Idle_Rifle_Ironsights.uasset" 290
"C:/Users/Radek/Documents/Unreal Projects/TPP_Shooter/Content/Retargeting_Anim/AimOffset/Aim_Space_Ironsights_RU.uasset" 291
"C:/Users/Radek/Documents/Unreal Projects/TPP_Shooter/Content/Retargeting_Anim/AimOffset/Aim_Space_Ironsights_RD.uasset" 292
"C:/Users/Radek/Documents/Unreal Projects/TPP_Shooter/Content/Retargeting_Anim/AimOffset/Aim_Space_Ironsights_RC.uasset" 293
"C:/Users/Radek/Documents/Unreal Projects/TPP_Shooter/Content/Retargeting_Anim/AimOffset/Aim_Space_Ironsights_LU.uasset" 294
"C:/Users/Radek/Documents/Unreal Projects/TPP_Shooter/Content/Retargeting_Anim/AimOffset/Aim_Space_Ironsights_LD.uasset" 295
"C:/Users/Radek/Documents/Unreal Projects/TPP_Shooter/Content/Retargeting_Anim/AimOffset/Aim_Space_Ironsights_LC.uasset" 296
"C:/Users/Radek/Documents/Unreal Projects/TPP_Shooter/Content/Retargeting_Anim/AimOffset/Aim_Space_Ironsights_CU.uasset" 297
"C:/Users/Radek/Documents/Unreal Projects/TPP_Shooter/Content/Retargeting_Anim/AimOffset/Aim_Space_Ironsights_CD.uasset" 298
"C:/Users/Radek/Documents/Unreal Projects/TPP_Shooter/Content/Retargeting_Anim/AimOffset/Aim_Space_Ironsights_CC.uasset" 299
"C:/Users/Radek/Documents/Unreal Projects/TPP_Shooter/Content/Retargeting_Anim/AimOffset/AimOffset_Ironsight.uasset" 300
"C:/Users/Radek/Documents/Unreal Projects/TPP_Shooter/Content/Retargeting_Anim/AimOffset/AminOffset_Animation/Aim_Space_Hip_RU.uasset" 301
"C:/Users/Radek/Documents/Unreal Projects/TPP_Shooter/Content/Retargeting_Anim/AimOffset/AminOffset_Animation/Aim_Space_Hip_RD.uasset" 302
"C:/Users/Radek/Documents/Unreal Projects/TPP_Shooter/Content/Retargeting_Anim/AimOffset/AminOffset_Animation/Aim_Space_Hip_RC.uasset" 303
"C:/Users/Radek/Documents/Unreal Projects/TPP_Shooter/Content/Retargeting_Anim/AimOffset/AminOffset_Animation/Aim_Space_Hip_LU.uasset" 304
"C:/Users/Radek/Documents/Unreal Projects/TPP_Shooter/Content/Retargeting_Anim/AimOffset/AminOffset_Animation/Aim_Space_Hip_LD.uasset" 305
"C:/Users/Radek/Documents/Unreal Projects/TPP_Shooter/Content/Retargeting_Anim/AimOffset/AminOffset_Animation/Aim_Space_Hip_LC.uasset" 306
"C:/Users/Radek/Documents/Unreal Projects/TPP_Shooter/Content/Retargeting_Anim/AimOffset/AminOffset_Animation/Aim_Space_Hip_CU.uasset" 307
"C:/Users/Radek/Documents/Unreal Projects/TPP_Shooter/Content/Retargeting_Anim/AimOffset/AminOffset_Animation/Aim_Space_Hip_CD.uasset" 308
"C:/Users/Radek/Documents/Unreal Projects/TPP_Shooter/Content/Retargeting_Anim/AimOffset/AminOffset_Animation/Aim_Space_Hip_CC.uasset" 309
"C:/Users/Radek/Documents/Unreal Projects/TPP_Shooter/Content/Retargeting_Anim/AimOffset/AimOffset_Hip.uasset" 310
"C:/Users/Radek/Documents/Unreal Projects/TPP_Shooter/Content/Retargeting_Anim/Sprint_Fwd_Rifle.uasset" 311
"C:/Users/Radek/Documents/Unreal Projects/TPP_Shooter/Content/Retargeting_Anim/Jump_From_Stand_Ironsights.uasset" 312
"C:/Users/Radek/Documents/Unreal Projects/TPP_Shooter/Content/Retargeting_Anim/Jump_From_Stand.uasset" 313
"C:/Users/Radek/Documents/Unreal Projects/TPP_Shooter/Content/Retargeting_Anim/Jump_From_Jog.uasset" 314
"C:/Users/Radek/Documents/Unreal Projects/TPP_Shooter/Content/Retargeting_Anim/Idle_Pistol.uasset" 315
"C:/Users/Radek/Documents/Unreal Projects/TPP_Shooter/Content/Mannequin/Animations/ThirdPerson_AnimBP.uasset" 316
"C:/Users/Radek/Documents/Unreal Projects/TPP_Shooter/Content/Menu_UI/Menu_Buttons.uasset" 317
"C:/Users/Radek/Documents/Unreal Projects/TPP_Shooter/Content/Menu_UI/In_Gane_Menu.uasset" 318
"C:/Users/Radek/Documents/Unreal Projects/TPP_Shooter/Content/Mannequin/Character/Mesh/SK_Mannequin_PhysicsAsset.uasset" 319
"C:/Users/Radek/Documents/Unreal Projects/TPP_Shooter/Content/Mannequin/Character/Mesh/SK_Mannequin.uasset" 320
"C:/Users/Radek/Documents/Unreal Projects/TPP_Shooter/Content/Hud/Amo_Widget.uasset" 321
"C:/Users/Radek/Documents/Unreal Projects/TPP_Shooter/Content/Hud/Hud.uasset" 322
"C:/Users/Radek/Documents/Unreal Projects/TPP_Shooter/Content/Retargeting_Anim/Amin_Montage/UnEquip_Rifle_Standing_Montage.uasset" 323
"C:/Users/Radek/Documents/Unreal Projects/TPP_Shooter/Content/ThirdPersonBP/Blueprints/ThirdPersonCharacter.uasset" 324
"C:/Users/Radek/Documents/Unreal Projects/TPP_Shooter/Content/ThirdPersonBP/Blueprints/ThirdPersonGameMode.uasset" 325
"C:/Users/Radek/Documents/Unreal Projects/TPP_Shooter/Content/FPS_Weapon_Bundle/Weapons/Meshes/Ka47/SM_KA47_Mag.uasset" 326
"C:/Users/Radek/Documents/Unreal Projects/TPP_Shooter/Content/FPS_Weapon_Bundle/Weapons/Meshes/Ka47/SK_KA47_Skeleton.uasset" 327
"C:/Users/Radek/Documents/Unreal Projects/TPP_Shooter/Content/FPS_Weapon_Bundle/Weapons/Meshes/Ka47/SK_KA47_Physics.uasset" 328
"C:/Users/Radek/Documents/Unreal Projects/TPP_Shooter/Content/FPS_Weapon_Bundle/Weapons/Meshes/Ka47/SK_KA47.uasset" 329
"C:/Users/Radek/Documents/Unreal Projects/TPP_Shooter/Content/Intractaleb/Weapons/AK47/AK47.uasset" 330
"C:/Users/Radek/Documents/Unreal Projects/TPP_Shooter/Content/Intractaleb/Weapons/AK47.uasset" 331
"C:/Users/Radek/Documents/Unreal Projects/TPP_Shooter/Content/FPS_Weapon_Bundle/Weapons/Meshes/KA74U/SM_KA74U_Mag_Y.uasset" 332
"C:/Users/Radek/Documents/Unreal Projects/TPP_Shooter/Content/FPS_Weapon_Bundle/Weapons/Meshes/KA74U/SM_KA74U_Mag_Empty_Y.uasset" 333
"C:/Users/Radek/Documents/Unreal Projects/TPP_Shooter/Content/FPS_Weapon_Bundle/Weapons/Meshes/KA74U/SK_KA74U_Y_Skeleton.uasset" 334
"C:/Users/Radek/Documents/Unreal Projects/TPP_Shooter/Content/FPS_Weapon_Bundle/Weapons/Meshes/KA74U/SK_KA74U_Y_Physics.uasset" 335
"C:/Users/Radek/Documents/Unreal Projects/TPP_Shooter/Content/FPS_Weapon_Bundle/Weapons/Meshes/KA74U/SK_KA74U_Y.uasset" 336
"C:/Users/Radek/Documents/Unreal Projects/TPP_Shooter/Content/Intractaleb/Weapons/AK47U/AK74U.uasset" 337
"C:/Users/Radek/Documents/Unreal Projects/TPP_Shooter/Content/Intractaleb/Weapons/AK47U.uasset" 338
"C:/Users/Radek/Documents/Unreal Projects/TPP_Shooter/Content/Intractaleb/Weapons/test.uasset" 339
"C:/Users/Radek/Documents/Unreal Projects/TPP_Shooter/Content/Intractaleb/Weapons/AK47U/AK74U_SpawnMag.uasset" 340
"C:/Users/Radek/Documents/Unreal Projects/TPP_Shooter/Content/Retargeting_Anim/Amin_Montage/Fire_Montage/Fire_Rifle_Hip.uasset" 341
"C:/Users/Radek/Documents/Unreal Projects/TPP_Shooter/Content/Retargeting_Anim/Amin_Montage/Fire_Montage/Fire_Rifle_Hip_Montage.uasset" 342
"C:/Users/Radek/Documents/Unreal Projects/TPP_Shooter/Content/Retargeting_Anim/Amin_Montage/Fire_Montage/Fire_Rifle_Ironsights_Montage.uasset" 343
"../../../Engine/Content/Functions/Engine_MaterialFunctions01/Opacity/CameraDepthFade.uasset" 344
"../../../Engine/Content/EngineMaterials/T_Default_Material_Grid_N.uasset" 345
"../../../Engine/Content/EngineMaterials/T_Default_Material_Grid_M.uasset" 346
"../../../Engine/Content/EngineMaterials/WorldGridMaterial.uasset" 347
"../../../Engine/Content/ArtTools/RenderToTexture/Meshes/S_1_Unit_Plane.uasset" 348
"../../../Engine/Content/EngineMaterials/DefaultMaterial.uasset" 349
"../../../Engine/Content/BasicShapes/Cone.uasset" 350
"../../../Engine/Content/BasicShapes/Cube.uasset" 351
"../../../Engine/Content/BasicShapes/Plane.uasset" 352
"../../../Engine/Content/BasicShapes/Sphere.uasset" 353
"../../../Engine/Content/EditorLandscapeResources/DataLayer.uasset" 354
"../../../Engine/Content/EditorLandscapeResources/DefaultAlphaTexture.uasset" 355
"../../../Engine/Content/EditorMaterials/MAT_Groups_Toggle.uasset" 356
"../../../Engine/Content/EditorMaterials/MAT_Groups_Visibility.uasset" 357
"../../../Engine/Content/EditorMaterials/PreviewShadowIndicator.uasset" 358
"../../../Engine/Content/EditorMaterials/PreviewShadowIndicatorMaterial.uasset" 359
"../../../Engine/Content/EditorMaterials/MatineeGroups/MAT_ColorTrack.uasset" 360
"../../../Engine/Content/EditorMaterials/MatineeGroups/MAT_Groups_Anim.uasset" 361
"../../../Engine/Content/EditorMaterials/MatineeGroups/MAT_Groups_AudioMaster.uasset" 362
"../../../Engine/Content/EditorMaterials/MatineeGroups/MAT_Groups_Director.uasset" 363
"../../../Engine/Content/EditorMaterials/MatineeGroups/MAT_Groups_Event.uasset" 364
"../../../Engine/Content/EditorMaterials/MatineeGroups/MAT_Groups_Fade.uasset" 365
"../../../Engine/Content/EditorMaterials/MatineeGroups/MAT_Groups_Float.uasset" 366
"../../../Engine/Content/EditorMaterials/MatineeGroups/MAT_Groups_Move.uasset" 367
"../../../Engine/Content/EditorMaterials/MatineeGroups/MAT_Groups_Slomo.uasset" 368
"../../../Engine/Content/EditorMaterials/MatineeGroups/MAT_Groups_Sound.uasset" 369
"../../../Engine/Content/EditorMaterials/MatineeGroups/MAT_Groups_Vector.uasset" 370
"../../../Engine/Content/EditorMaterials/ParticleSystems/PSysThumbnail_NoImage.uasset" 371
"../../../Engine/Content/EditorMaterials/ParticleSystems/PSysThumbnail_OOD.uasset" 372
"../../../Engine/Content/EditorMaterials/Camera/CineMat.uasset" 373
"../../../Engine/Content/EditorMaterials/Camera/MI_CineMat_Rig.uasset" 374
"../../../Engine/Content/EditorMeshes/Camera/SM_CraneRig_Arm.uasset" 375
"../../../Engine/Content/EditorMeshes/Camera/SM_CraneRig_Base.uasset" 376
"../../../Engine/Content/EditorMeshes/Camera/SM_CraneRig_Body.uasset" 377
"../../../Engine/Content/EditorMeshes/Camera/SM_CraneRig_Mount.uasset" 378
"../../../Engine/Content/EditorMeshes/Camera/SM_RailRig_Mount.uasset" 379
"../../../Engine/Content/EditorMeshes/Camera/SM_RailRig_Track.uasset" 380
"../../../Engine/Content/EditorResources/BSPVertex.uasset" 381
"../../../Engine/Content/EditorResources/EmptyActor.uasset" 382
"../../../Engine/Content/EditorResources/S_Actor.uasset" 383
"../../../Engine/Content/EditorResources/S_Note.uasset" 384
"../../../Engine/Content/EditorResources/S_Solver.uasset" 385
"../../../Engine/Content/EditorResources/S_Terrain.uasset" 386
"../../../Engine/Content/EditorResources/S_Trigger.uasset" 387
"../../../Engine/Content/EditorResources/LightIcons/S_LightError.uasset" 388
"../../../Engine/Content/EditorResources/SequenceRecorder/Countdown.uasset" 389
"../../../Engine/Content/EditorResources/SequenceRecorder/RecordingIndicator.uasset" 390
"../../../Engine/Content/EngineDamageTypes/DmgTypeBP_Environmental.uasset" 391
"../../../Engine/Content/EngineDebugMaterials/DebugEditorMaterial.uasset" 392
"../../../Engine/Content/EngineDebugMaterials/DebugMeshMaterial.uasset" 393
"../../../Engine/Content/EngineDebugMaterials/M_SimpleUnlitTranslucent.uasset" 394
"../../../Engine/Content/EngineDebugMaterials/VolumeToRender.uasset" 395
"../../../Engine/Content/Functions/Engine_MaterialFunctions02/Utility/CameraDirectionVector.uasset" 396
"../../../Engine/Content/EngineDebugMaterials/M_VolumeRenderSphereTracePP.uasset" 397
"../../../Engine/Content/Functions/Engine_MaterialFunctions01/Shading/ConvertFromDiffSpec.uasset" 398
"../../../Engine/Content/EngineDebugMaterials/VertexColorMaterial.uasset" 399
"../../../Engine/Content/EngineDebugMaterials/WireframeMaterial.uasset" 400
"../../../Engine/Content/EngineFonts/Faces/RobotoRegular.uasset" 401
"../../../Engine/Content/EngineFonts/Faces/RobotoLight.uasset" 402
"../../../Engine/Content/EngineFonts/Faces/RobotoItalic.uasset" 403
"../../../Engine/Content/EngineFonts/Faces/RobotoBoldItalic.uasset" 404
"../../../Engine/Content/EngineFonts/Faces/RobotoBold.uasset" 405
"../../../Engine/Content/EngineFonts/Faces/DroidSansFallback.uasset" 406
"../../../Engine/Content/EngineFonts/Roboto.uasset" 407
"../../../Engine/Content/EngineMaterials/BaseFlattenNormalMap.uasset" 408
"../../../Engine/Content/EngineMaterials/BaseFlattenGrayscaleMap.uasset" 409
"../../../Engine/Content/EngineMaterials/BaseFlattenEmissiveMap.uasset" 410
"../../../Engine/Content/EngineMaterials/BaseFlattenDiffuseMap.uasset" 411
"../../../Engine/Content/EngineMaterials/BaseFlattenMaterial.uasset" 412
"../../../Engine/Content/EngineMaterials/BlueNoise.uasset" 413
"../../../Engine/Content/EngineMaterials/DefaultBloomKernel.uasset" 414
"../../../Engine/Content/EngineMaterials/DefaultBokeh.uasset" 415
"../../../Engine/Content/EngineMaterials/DefaultDiffuse.uasset" 416
"../../../Engine/Content/EngineMaterials/DefaultDeferredDecalMaterial.uasset" 417
"../../../Engine/Content/EngineMaterials/DefaultLightFunctionMaterial.uasset" 418
"../../../Engine/Content/EngineMaterials/DefaultPhysicalMaterial.uasset" 419
"../../../Engine/Content/Functions/Engine_MaterialFunctions02/Utility/BreakOutFloat2Components.uasset" 420
"../../../Engine/Content/EngineMaterials/DefaultPostProcessMaterial.uasset" 421
"../../../Engine/Content/EngineFonts/RobotoDistanceField.uasset" 422
"../../../Engine/Content/EngineMaterials/DefaultTextMaterialOpaque.uasset" 423
"../../../Engine/Content/EngineMaterials/DefaultWhiteGrid.uasset" 424
"../../../Engine/Content/EngineMaterials/DefaultWhiteGrid_Low.uasset" 425
"../../../Engine/Content/EngineMaterials/EmissiveMeshMaterial.uasset" 426
"../../../Engine/Content/EngineMaterials/GizmoMaterial.uasset" 427
"../../../Engine/Content/EngineMaterials/Good64x64TilingNoiseHighFreq.uasset" 428
"../../../Engine/Content/EngineMaterials/MiniFont.uasset" 429
"../../../Engine/Content/EngineMaterials/InvalidLightmapSettings.uasset" 430
"../../../Engine/Content/EngineMaterials/M_InvalidLightmapSettings.uasset" 431
"../../../Engine/Content/Functions/Engine_MaterialFunctions02/WorldPositionOffset/CameraOffset.uasset" 432
"../../../Engine/Content/EngineMaterials/PhAT_JointLimitMaterial.uasset" 433
"../../../Engine/Content/EngineMaterials/PreintegratedSkinBRDF.uasset" 434
"../../../Engine/Content/EngineMaterials/RemoveSurfaceMaterial.uasset" 435
"../../../Engine/Content/EngineMaterials/WeightMapPlaceholderTexture.uasset" 436
"../../../Engine/Content/EngineResources/WhiteSquareTexture.uasset" 437
"../../../Engine/Content/EngineMaterials/Widget3DPassThrough.uasset" 438
"../../../Engine/Content/EngineMaterials/Widget3DPassThrough_Masked.uasset" 439
"../../../Engine/Content/EngineMaterials/Widget3DPassThrough_Opaque.uasset" 440
"../../../Engine/Content/EngineMaterials/Widget3DPassThrough_Masked_OneSided.uasset" 441
"../../../Engine/Content/EngineMaterials/Widget3DPassThrough_Opaque_OneSided.uasset" 442
"../../../Engine/Content/EngineMaterials/Widget3DPassThrough_Translucent.uasset" 443
"../../../Engine/Content/EngineMaterials/Widget3DPassThrough_Translucent_OneSided.uasset" 444
"../../../Engine/Content/EngineMeshes/Cylinder.uasset" 445
"../../../Engine/Content/EngineMeshes/Sphere.uasset" 446
"../../../Engine/Content/EngineResources/Black.uasset" 447
"../../../Engine/Content/EngineResources/DefaultTextureCube.uasset" 448
"../../../Engine/Content/EngineResources/DefaultVolumeTexture2D.uasset" 449
"../../../Engine/Content/EngineResources/DefaultVolumeTexture.uasset" 450
"../../../Engine/Content/EngineResources/GradientTexture0.uasset" 451
"../../../Engine/Content/EngineSky/VolumetricClouds/T_NoiseShape64.uasset" 452
"../../../Engine/Content/EngineSky/VolumetricClouds/T_VolumeNoiseShape64.uasset" 453
"../../../Engine/Content/EngineSky/VolumetricClouds/T_NoiseErosion.uasset" 454
"../../../Engine/Content/EngineSky/VolumetricClouds/T_VolumeNoiseErosion32.uasset" 455
"../../../Engine/Content/EngineSky/VolumetricClouds/CloudWeatherTexture.uasset" 456
"../../../Engine/Content/EngineSky/VolumetricClouds/CloudGradientTexture.uasset" 457
"../../../Engine/Content/Functions/Engine_MaterialFunctions02/Utility/MakeFloat2.uasset" 458
"../../../Engine/Content/EngineSky/VolumetricClouds/m_SimpleVolumetricCloud.uasset" 459
"../../../Engine/Content/EngineSky/VolumetricClouds/m_SimpleVolumetricCloud_Inst.uasset" 460
"../../../Engine/Content/EngineSounds/Master.uasset" 461
"../../../Engine/Content/Functions/Engine_MaterialFunctions01/Shading/PowerToRoughness.uasset" 462
"../../../Engine/Content/Maps/Templates/Thumbnails/Default.uasset" 463
"../../../Engine/Content/Maps/Templates/Thumbnails/TimeOfDay.uasset" 464
"../../../Engine/Content/Maps/Templates/Thumbnails/VR-Basic.uasset" 465
"../../../Engine/Content/MobileResources/T_MobileControls_texture.uasset" 466
"../../../Engine/Content/MobileResources/T_MobileMenu2.uasset" 467
"../../../Engine/Content/MobileResources/HUD/AnalogHat.uasset" 468
"../../../Engine/Content/MobileResources/HUD/VirtualJoystick_Thumb.uasset" 469
"../../../Engine/Content/MobileResources/HUD/VirtualJoystick_Background.uasset" 470
"../../../Engine/Content/MobileResources/HUD/DefaultVirtualJoysticks.uasset" 471
"../../../Engine/Content/MobileResources/HUD/LeftVirtualJoystickOnly.uasset" 472
"../../../Engine/Content/MobileResources/HUD/MobileHUDButton1_off.uasset" 473
"../../../Engine/Content/MobileResources/HUD/MobileHUDButton1_on.uasset" 474
"../../../Engine/Content/MobileResources/HUD/MobileHUDButton2_off.uasset" 475
"../../../Engine/Content/MobileResources/HUD/MobileHUDButton2_on.uasset" 476
"../../../Engine/Content/MobileResources/HUD/MobileHUDButton3.uasset" 477
"../../../Engine/Content/MobileResources/HUD/MobileHUDButtonFire.uasset" 478
"../../../Engine/Content/MobileResources/HUD/MobileHUDDirectionPad.uasset" 479
"../../../Engine/Content/MobileResources/HUD/MobileHUDDirectionPad2.uasset" 480
"../../../Engine/Content/MobileResources/HUD/MobileHUDDirectionPad3.uasset" 481
"../../../Engine/Content/MobileResources/HUD/MobileHUDDirectionStick.uasset" 482
"../../../Engine/Content/MobileResources/HUD/T_Castle_ThumbstickInner.uasset" 483
"../../../Engine/Content/MobileResources/HUD/T_Castle_ThumbstickOutter.uasset" 484
"../../../Engine/Content/Tutorial/ContentIntroCurve.uasset" 485
"../../../Engine/Content/Tutorial/Basics/LevelEditorAttract.uasset" 486
"../../../Engine/Content/Tutorial/Basics/TutorialAssets/icon_tab_Levels_40x.uasset" 487
"../../../Engine/Content/Tutorial/Basics/LevelEditorOverview.uasset" 488
"../../../Engine/Content/Tutorial/BlueprintTutorials/TutorialAssets/Blueprint_64x.uasset" 489
"../../../Engine/Content/Tutorial/BlueprintTutorials/BlueprintEditorTutorial.uasset" 490
"../../../Engine/Content/VREditor/TransformGizmo/TranslucentTransformGizmoMaterial.uasset" 491
"../../../Engine/Content/VREditor/LaserPointer/VR_LaserPower_01.uasset" 492
"../../../Engine/Content/VREditor/TransformGizmo/TransformGizmoMaterial.uasset" 493
"../../../Engine/Content/VREditor/TransformGizmo/BoundingBoxCorner.uasset" 494
"../../../Engine/Content/VREditor/TransformGizmo/BoundingBoxEdge.uasset" 495
"../../../Engine/Content/VREditor/TransformGizmo/PlaneTranslationHandle.uasset" 496
"../../../Engine/Content/VREditor/TransformGizmo/Xray.uasset" 497
"../../../Engine/Content/VREditor/TransformGizmo/Main.uasset" 498
"../../../Engine/Content/VREditor/TransformGizmo/SM_Sequencer_Key.uasset" 499
"../../../Engine/Content/VREditor/TransformGizmo/SM_Sequencer_Node.uasset" 500
"../../Plugins/2D/Paper2D/Content/PlaceholderTextures/DummySpriteTexture.uasset" 501
"../../Plugins/2D/Paper2D/Content/DummySprite.uasset" 502
"../../Plugins/2D/Paper2D/Content/DefaultPaperTerrainMaterial.uasset" 503
"../../Plugins/2D/Paper2D/Content/DefaultSpriteMaterial.uasset" 504
"../../Plugins/2D/Paper2D/Content/MaskedUnlitSpriteMaterial.uasset" 505
"../../Plugins/2D/Paper2D/Content/OpaqueUnlitSpriteMaterial.uasset" 506
"../../../Engine/Content/Functions/Engine_MaterialFunctions02/Utility/BreakOutFloat3Components.uasset" 507
"../../Plugins/Editor/SpeedTreeImporter/Content/SpeedTree9/UnpackInteger3.uasset" 508
"../../Plugins/Editor/SpeedTreeImporter/Content/SpeedTree9/UnpackDirection.uasset" 509
"../../Plugins/Editor/SpeedTreeImporter/Content/SpeedTree9/game_wind_noise.uasset" 510
"../../../Engine/Content/Functions/Engine_MaterialFunctions02/SafeNormalize.uasset" 511
"../../Plugins/Editor/SpeedTreeImporter/Content/SpeedTree9/SpeedTreeWindMotion.uasset" 512
"../../Plugins/Editor/SpeedTreeImporter/Content/SpeedTree9/SpeedTreeBranchMotion.uasset" 513
"../../../Engine/Content/Functions/Engine_MaterialFunctions02/ObjectLocalBounds.uasset" 514
"../../../Engine/Content/Functions/Engine_MaterialFunctions02/UVs/BoundingBoxBased_0-1_UVW.uasset" 515
"../../Plugins/Editor/SpeedTreeImporter/Content/SpeedTree9/SpeedTreeWind.uasset" 516
"../../Plugins/Editor/SpeedTreeImporter/Content/SpeedTree9/SpeedTreeBillboard.uasset" 517
"../../../Engine/Content/EngineResources/DefaultTexture.uasset" 518
"../../Plugins/Editor/SpeedTreeImporter/Content/SpeedTree9/SpeedTreeBillboardMaster.uasset" 519
"../../Plugins/Editor/SpeedTreeImporter/Content/SpeedTree9/SpeedTreeCameraFacing.uasset" 520
"../../Plugins/Editor/SpeedTreeImporter/Content/SpeedTree9/SpeedTreeMaster.uasset" 521
"../../../Engine/Content/BasicShapes/Cylinder.uasset" 522
"../../../Engine/Content/ArtTools/RenderToTexture/Materials/Debug/M_Emissive_Color.uasset" 523
"../../Plugins/Lumin/MagicLeapPassableWorld/Content/MagicLeapARPinInfoActor.uasset" 524
"../../../Engine/Content/Functions/Engine_MaterialFunctions02/Utility/BreakOutFloat4Components.uasset" 525
"../../../Engine/Content/Functions/Engine_MaterialFunctions02/Utility/MakeFloat3.uasset" 526
"../../Plugins/Runtime/Oculus/OculusVR/Content/Materials/OculusMR_ChromaKey.uasset" 527
"../../Plugins/Runtime/Oculus/OculusVR/Content/Materials/OculusMR_OpaqueColoredMaterial.uasset" 528
"../../Plugins/Runtime/Oculus/OculusVR/Content/Materials/PokeAHoleMaterial.uasset" 529
"C:/Users/Radek/Documents/Unreal Projects/TPP_Shooter/Content/AnimStarterPack/UE4_Mannequin/Textures/UE4_LOGO_CARD.uasset" 530
"C:/Users/Radek/Documents/Unreal Projects/TPP_Shooter/Content/AnimStarterPack/UE4_Mannequin/Materials/MaterialLayers/ML_Plastic_Shiny_Beige_LOGO.uasset" 531
"C:/Users/Radek/Documents/Unreal Projects/TPP_Shooter/Content/AnimStarterPack/UE4_Mannequin/Materials/MaterialLayers/ML_Plastic_Shiny_Beige.uasset" 532
"C:/Users/Radek/Documents/Unreal Projects/TPP_Shooter/Content/AnimStarterPack/UE4_Mannequin/Materials/MaterialLayers/T_ML_Rubber_Blue_01_N.uasset" 533
"C:/Users/Radek/Documents/Unreal Projects/TPP_Shooter/Content/AnimStarterPack/UE4_Mannequin/Materials/MaterialLayers/T_ML_Rubber_Blue_01_D.uasset" 534
"C:/Users/Radek/Documents/Unreal Projects/TPP_Shooter/Content/AnimStarterPack/UE4_Mannequin/Materials/MaterialLayers/ML_GlossyBlack_Latex_UE4.uasset" 535
"../../../Engine/Content/Functions/MaterialLayerFunctions/MatLayerBlend_AO.uasset" 536
"C:/Users/Radek/Documents/Unreal Projects/TPP_Shooter/Content/AnimStarterPack/UE4_Mannequin/Textures/UE4_Mannequin_occlusion_Mobile.uasset" 537
"C:/Users/Radek/Documents/Unreal Projects/TPP_Shooter/Content/AnimStarterPack/UE4_Mannequin/Textures/UE4_Mannequin_MAT_MASKA.uasset" 538
"C:/Users/Radek/Documents/Unreal Projects/TPP_Shooter/Content/AnimStarterPack/UE4_Mannequin/Textures/UE4_Mannequin__normals.uasset" 539
"C:/Users/Radek/Documents/Unreal Projects/TPP_Shooter/Content/AnimStarterPack/UE4_Mannequin/Materials/MaterialLayers/T_ML_Aluminum01_N.uasset" 540
"C:/Users/Radek/Documents/Unreal Projects/TPP_Shooter/Content/AnimStarterPack/UE4_Mannequin/Materials/MaterialLayers/T_ML_Aluminum01.uasset" 541
"C:/Users/Radek/Documents/Unreal Projects/TPP_Shooter/Content/AnimStarterPack/UE4_Mannequin/Materials/MaterialLayers/ML_SoftMetal_UE4.uasset" 542
"C:/Users/Radek/Documents/Unreal Projects/TPP_Shooter/Content/AnimStarterPack/UE4_Mannequin/Materials/M_UE4Man_Body.uasset" 543
"C:/Users/Radek/Documents/Unreal Projects/TPP_Shooter/Content/AnimStarterPack/UE4_Mannequin/Mesh/SK_Mannequin_PhysicsAsset.uasset" 544
"C:/Users/Radek/Documents/Unreal Projects/TPP_Shooter/Content/AnimStarterPack/UE4_Mannequin/Textures/UE4Man_Logo_N.uasset" 545
"C:/Users/Radek/Documents/Unreal Projects/TPP_Shooter/Content/AnimStarterPack/UE4_Mannequin/Materials/M_UE4Man_ChestLogo.uasset" 546
"C:/Users/Radek/Documents/Unreal Projects/TPP_Shooter/Content/AnimStarterPack/UE4_Mannequin/Mesh/SK_Mannequin.uasset" 547
"../../../Engine/Content/EngineSky/T_Sky_Stars.uasset" 548
"../../../Engine/Content/EngineSky/T_Sky_Clouds_M.uasset" 549
"../../../Engine/Content/EngineSky/T_Sky_Blue.uasset" 550
"../../../Engine/Content/TemplateResources/M_Template_Master.uasset" 551
"../../../Engine/Content/TemplateResources/MI_Template_BaseGray_03_Metal.uasset" 552
"../../../Engine/Content/EngineSky/M_Sky_Panning_Clouds2.uasset" 553
"../../../Engine/Content/EngineSky/SM_SkySphere.uasset" 554
"../../../Engine/Content/EngineSky/C_Sky_Zenith_Color.uasset" 555
"../../../Engine/Content/EngineSky/C_Sky_Horizon_Color.uasset" 556
"../../../Engine/Content/EngineSky/C_Sky_Cloud_Color.uasset" 557
"../../../Engine/Content/EngineSky/BP_Sky_Sphere.uasset" 558
"C:/Users/Radek/Documents/Unreal Projects/TPP_Shooter/Content/AnimStarterPack/Walk_Fwd_Rifle_Ironsights.uasset" 559
"C:/Users/Radek/Documents/Unreal Projects/TPP_Shooter/Content/AnimStarterPack/Reload_Rifle_Hip.uasset" 560
"C:/Users/Radek/Documents/Unreal Projects/TPP_Shooter/Content/AnimStarterPack/Idle_Rifle_Hip_Break2.uasset" 561
"C:/Users/Radek/Documents/Unreal Projects/TPP_Shooter/Content/AnimStarterPack/Idle_Rifle_Hip_Break1.uasset" 562
"C:/Users/Radek/Documents/Unreal Projects/TPP_Shooter/Content/AnimStarterPack/Hit_React_3.uasset" 563
"C:/Users/Radek/Documents/Unreal Projects/TPP_Shooter/Content/AnimStarterPack/Hit_React_2.uasset" 564
"C:/Users/Radek/Documents/Unreal Projects/TPP_Shooter/Content/AnimStarterPack/Hit_React_1.uasset" 565
"C:/Users/Radek/Documents/Unreal Projects/TPP_Shooter/Content/AnimStarterPack/Fire_Rifle_Ironsights.uasset" 566
"C:/Users/Radek/Documents/Unreal Projects/TPP_Shooter/Content/AnimStarterPack/Equip_Pistol_Standing.uasset" 567
"C:/Users/Radek/Documents/Unreal Projects/TPP_Shooter/Content/AnimStarterPack/Crouch_Walk_Fwd_Rifle_Ironsights.uasset" 568
"C:/Users/Radek/Documents/Unreal Projects/TPP_Shooter/Content/AnimStarterPack/Crouch_Idle_Rifle_Ironsights.uasset" 569
"C:/Users/Radek/Documents/Unreal Projects/TPP_Shooter/Content/AnimStarterPack/Crouch_Idle_Rifle_Hip.uasset" 570
"C:/Users/Radek/Documents/Unreal Projects/TPP_Shooter/Content/AnimStarterPack/Showcase.umap" 571
"C:/Users/Radek/Documents/Unreal Projects/TPP_Shooter/Content/FPS_Weapon_Bundle/Weapons/Meshes/SMG11/SM_SMG11_Mag_X.uasset" 572
"C:/Users/Radek/Documents/Unreal Projects/TPP_Shooter/Content/FPS_Weapon_Bundle/Weapons/Meshes/SMG11/SM_SMG11_Mag_Empty_X.uasset" 573
"C:/Users/Radek/Documents/Unreal Projects/TPP_Shooter/Content/FPS_Weapon_Bundle/Weapons/Meshes/SMG11/SK_SMG11_Y_Skeleton.uasset" 574
"C:/Users/Radek/Documents/Unreal Projects/TPP_Shooter/Content/FPS_Weapon_Bundle/Weapons/Meshes/SMG11/SK_SMG11_Y_Physics.uasset" 575
"C:/Users/Radek/Documents/Unreal Projects/TPP_Shooter/Content/FPS_Weapon_Bundle/Weapons/Meshes/SMG11/SK_SMG11_Y.uasset" 576
"C:/Users/Radek/Documents/Unreal Projects/TPP_Shooter/Content/FPS_Weapon_Bundle/Weapons/Meshes/SMG11/SK_SMG11_Nostock_Y_Skeleton.uasset" 577
"C:/Users/Radek/Documents/Unreal Projects/TPP_Shooter/Content/FPS_Weapon_Bundle/Weapons/Meshes/SMG11/SK_SMG11_Nostock_Y_Physics.uasset" 578
"C:/Users/Radek/Documents/Unreal Projects/TPP_Shooter/Content/FPS_Weapon_Bundle/Weapons/Meshes/SMG11/SK_SMG11_Nostock_Y.uasset" 579
"C:/Users/Radek/Documents/Unreal Projects/TPP_Shooter/Content/FPS_Weapon_Bundle/Weapons/Meshes/M9_Knife/SK_M9_Knife_X_Skeleton.uasset" 580
"C:/Users/Radek/Documents/Unreal Projects/TPP_Shooter/Content/FPS_Weapon_Bundle/Weapons/Meshes/M9_Knife/SK_M9_Knife_X_Physics.uasset" 581
"C:/Users/Radek/Documents/Unreal Projects/TPP_Shooter/Content/FPS_Weapon_Bundle/Weapons/Meshes/M9_Knife/SK_M9_Knife_X.uasset" 582
"C:/Users/Radek/Documents/Unreal Projects/TPP_Shooter/Content/FPS_Weapon_Bundle/Weapons/Meshes/KA_Val/SM_KA_Val_Mag_Y.uasset" 583
"C:/Users/Radek/Documents/Unreal Projects/TPP_Shooter/Content/FPS_Weapon_Bundle/Weapons/Meshes/KA_Val/SM_KA_Val_MAG_Loaded_Y.uasset" 584
"C:/Users/Radek/Documents/Unreal Projects/TPP_Shooter/Content/FPS_Weapon_Bundle/Weapons/Meshes/KA_Val/SK_KA_Val_Y_Skeleton.uasset" 585
"C:/Users/Radek/Documents/Unreal Projects/TPP_Shooter/Content/FPS_Weapon_Bundle/Weapons/Meshes/KA_Val/SK_KA_Val_Y_Physics.uasset" 586
"C:/Users/Radek/Documents/Unreal Projects/TPP_Shooter/Content/FPS_Weapon_Bundle/Weapons/Meshes/KA_Val/SK_KA_Val_Y.uasset" 587
"C:/Users/Radek/Documents/Unreal Projects/TPP_Shooter/Content/FPS_Weapon_Bundle/Weapons/Meshes/KA74U/SM_KA74U_Mag_X.uasset" 588
"C:/Users/Radek/Documents/Unreal Projects/TPP_Shooter/Content/FPS_Weapon_Bundle/Weapons/Meshes/KA74U/SM_KA74U_Mag_Empty_X.uasset" 589
"C:/Users/Radek/Documents/Unreal Projects/TPP_Shooter/Content/FPS_Weapon_Bundle/Weapons/Meshes/G67_Grenade/SK_G67_X_Skeleton.uasset" 590
"C:/Users/Radek/Documents/Unreal Projects/TPP_Shooter/Content/FPS_Weapon_Bundle/Weapons/Meshes/G67_Grenade/SK_G67_X_Physics.uasset" 591
"C:/Users/Radek/Documents/Unreal Projects/TPP_Shooter/Content/FPS_Weapon_Bundle/Weapons/Meshes/G67_Grenade/SK_G67_X.uasset" 592
"C:/Users/Radek/Documents/Unreal Projects/TPP_Shooter/Content/FPS_Weapon_Bundle/Weapons/Meshes/AR4/SM_AR4_Mag_Empty.uasset" 593
"C:/Users/Radek/Documents/Unreal Projects/TPP_Shooter/Content/FPS_Weapon_Bundle/Weapons/Meshes/AR4/SM_AR4_Mag.uasset" 594
"C:/Users/Radek/Documents/Unreal Projects/TPP_Shooter/Content/FPS_Weapon_Bundle/Weapons/Meshes/AR4/SK_AR4_Skeleton.uasset" 595
"C:/Users/Radek/Documents/Unreal Projects/TPP_Shooter/Content/FPS_Weapon_Bundle/Weapons/Meshes/AR4/SK_AR4_Physics.uasset" 596
"C:/Users/Radek/Documents/Unreal Projects/TPP_Shooter/Content/FPS_Weapon_Bundle/Weapons/Meshes/AR4/SK_AR4.uasset" 597
"C:/Users/Radek/Documents/Unreal Projects/TPP_Shooter/Content/FPS_Weapon_Bundle/Weapons/Textures/Ammunition/T_9x18_NRM.uasset" 598
"C:/Users/Radek/Documents/Unreal Projects/TPP_Shooter/Content/FPS_Weapon_Bundle/Weapons/Textures/Ammunition/T_9x18_M_MSK.uasset" 599
"C:/Users/Radek/Documents/Unreal Projects/TPP_Shooter/Content/FPS_Weapon_Bundle/Weapons/Textures/Ammunition/T_9x18_ALB.uasset" 600
"C:/Users/Radek/Documents/Unreal Projects/TPP_Shooter/Content/FPS_Weapon_Bundle/Weapons/Materials/Ammunition/M_9x18.uasset" 601
"C:/Users/Radek/Documents/Unreal Projects/TPP_Shooter/Content/FPS_Weapon_Bundle/Weapons/Meshes/Ammunition/SM_Shell_9x18_Empty.uasset" 602
"C:/Users/Radek/Documents/Unreal Projects/TPP_Shooter/Content/FPS_Weapon_Bundle/Weapons/Meshes/Ammunition/SM_Shell_9x18.uasset" 603
"C:/Users/Radek/Documents/Unreal Projects/TPP_Shooter/Content/FPS_Weapon_Bundle/Weapons/Meshes/Ammunition/SM_Shell_9mm_Empty.uasset" 604
"C:/Users/Radek/Documents/Unreal Projects/TPP_Shooter/Content/FPS_Weapon_Bundle/Weapons/Meshes/Ammunition/SM_Shell_9mm.uasset" 605
"C:/Users/Radek/Documents/Unreal Projects/TPP_Shooter/Content/FPS_Weapon_Bundle/Weapons/Meshes/Ammunition/SM_Shell_762x51_Empty.uasset" 606
"C:/Users/Radek/Documents/Unreal Projects/TPP_Shooter/Content/FPS_Weapon_Bundle/Weapons/Meshes/Ammunition/SM_Shell_762x51.uasset" 607
"C:/Users/Radek/Documents/Unreal Projects/TPP_Shooter/Content/FPS_Weapon_Bundle/Weapons/Meshes/Ammunition/SM_Shell_762x39_Empty.uasset" 608
"C:/Users/Radek/Documents/Unreal Projects/TPP_Shooter/Content/FPS_Weapon_Bundle/Weapons/Meshes/Ammunition/SM_Shell_762x39.uasset" 609
"C:/Users/Radek/Documents/Unreal Projects/TPP_Shooter/Content/FPS_Weapon_Bundle/Weapons/Meshes/Ammunition/SM_Shell_556x45.uasset" 610
"C:/Users/Radek/Documents/Unreal Projects/TPP_Shooter/Content/FPS_Weapon_Bundle/Weapons/Meshes/Ammunition/SM_Shell_545x39_Empty.uasset" 611
"C:/Users/Radek/Documents/Unreal Projects/TPP_Shooter/Content/FPS_Weapon_Bundle/Weapons/Meshes/Ammunition/SM_Shell_545x39.uasset" 612
"C:/Users/Radek/Documents/Unreal Projects/TPP_Shooter/Content/FPS_Weapon_Bundle/Weapons/Textures/Ammunition/T_45ap_NRM.uasset" 613
"C:/Users/Radek/Documents/Unreal Projects/TPP_Shooter/Content/FPS_Weapon_Bundle/Weapons/Textures/Ammunition/T_45ap_M_MSK.uasset" 614
"C:/Users/Radek/Documents/Unreal Projects/TPP_Shooter/Content/FPS_Weapon_Bundle/Weapons/Textures/Ammunition/T_45ap_ALB.uasset" 615
"C:/Users/Radek/Documents/Unreal Projects/TPP_Shooter/Content/FPS_Weapon_Bundle/Weapons/Materials/Ammunition/M_45ap.uasset" 616
"C:/Users/Radek/Documents/Unreal Projects/TPP_Shooter/Content/FPS_Weapon_Bundle/Weapons/Meshes/Ammunition/SM_Shell_45ap_Empty.uasset" 617
"C:/Users/Radek/Documents/Unreal Projects/TPP_Shooter/Content/FPS_Weapon_Bundle/Weapons/Meshes/Ammunition/SM_Shell_45ap.uasset" 618
"C:/Users/Radek/Documents/Unreal Projects/TPP_Shooter/Content/FPS_Weapon_Bundle/Weapons/Textures/Ammunition/T_40mm_Grenade_NRM.uasset" 619
"C:/Users/Radek/Documents/Unreal Projects/TPP_Shooter/Content/FPS_Weapon_Bundle/Weapons/Textures/Ammunition/T_40mm_Grenade_M_MSK.uasset" 620
"C:/Users/Radek/Documents/Unreal Projects/TPP_Shooter/Content/FPS_Weapon_Bundle/Weapons/Textures/Ammunition/T_40mm_Grenade_ALB.uasset" 621
"C:/Users/Radek/Documents/Unreal Projects/TPP_Shooter/Content/FPS_Weapon_Bundle/Weapons/Materials/Ammunition/M_40mm_Grenade.uasset" 622
"C:/Users/Radek/Documents/Unreal Projects/TPP_Shooter/Content/FPS_Weapon_Bundle/Weapons/Meshes/Ammunition/SM_Shell_40mm_G_Empty.uasset" 623
"C:/Users/Radek/Documents/Unreal Projects/TPP_Shooter/Content/FPS_Weapon_Bundle/Weapons/Meshes/Ammunition/SM_Shell_40mm_G.uasset" 624
"C:/Users/Radek/Documents/Unreal Projects/TPP_Shooter/Content/FPS_Weapon_Bundle/Weapons/Textures/Ammunition/T_12Gauge_NRM.uasset" 625
"C:/Users/Radek/Documents/Unreal Projects/TPP_Shooter/Content/FPS_Weapon_Bundle/Weapons/Textures/Ammunition/T_12Gauge_M_MSK.uasset" 626
"C:/Users/Radek/Documents/Unreal Projects/TPP_Shooter/Content/FPS_Weapon_Bundle/Weapons/Textures/Ammunition/T_12Gauge_ALB.uasset" 627
"C:/Users/Radek/Documents/Unreal Projects/TPP_Shooter/Content/FPS_Weapon_Bundle/Weapons/Materials/Ammunition/M_Ammo_12gauge.uasset" 628
"C:/Users/Radek/Documents/Unreal Projects/TPP_Shooter/Content/FPS_Weapon_Bundle/Weapons/Meshes/Ammunition/SM_Shell_12Gauge_Empty.uasset" 629
"C:/Users/Radek/Documents/Unreal Projects/TPP_Shooter/Content/FPS_Weapon_Bundle/Weapons/Meshes/Ammunition/SM_Shell_12Gauge.uasset" 630
"C:/Users/Radek/Documents/Unreal Projects/TPP_Shooter/Content/FPS_Weapon_Bundle/Weapons/Meshes/Accessories/SM_Vertgrip.uasset" 631
"C:/Users/Radek/Documents/Unreal Projects/TPP_Shooter/Content/FPS_Weapon_Bundle/Weapons/Materials/RDS/M_RDS_Glass.uasset" 632
"C:/Users/Radek/Documents/Unreal Projects/TPP_Shooter/Content/FPS_Weapon_Bundle/Weapons/Textures/Accessories/T_Tc4_NRM.uasset" 633
"C:/Users/Radek/Documents/Unreal Projects/TPP_Shooter/Content/FPS_Weapon_Bundle/Weapons/Textures/Accessories/T_Tc4_M_MSK.uasset" 634
"C:/Users/Radek/Documents/Unreal Projects/TPP_Shooter/Content/FPS_Weapon_Bundle/Weapons/Textures/Accessories/T_Tc4_ALB.uasset" 635
"C:/Users/Radek/Documents/Unreal Projects/TPP_Shooter/Content/FPS_Weapon_Bundle/Weapons/Materials/Accessories/M_Tc4_Sight.uasset" 636
"C:/Users/Radek/Documents/Unreal Projects/TPP_Shooter/Content/FPS_Weapon_Bundle/Weapons/Meshes/Accessories/SM_T4_Sight.uasset" 637
"C:/Users/Radek/Documents/Unreal Projects/TPP_Shooter/Content/FPS_Weapon_Bundle/Weapons/Textures/Accessories/T_Suppressor5_NRM.uasset" 638
"C:/Users/Radek/Documents/Unreal Projects/TPP_Shooter/Content/FPS_Weapon_Bundle/Weapons/Textures/Accessories/T_Suppressor5_M_MSK.uasset" 639
"C:/Users/Radek/Documents/Unreal Projects/TPP_Shooter/Content/FPS_Weapon_Bundle/Weapons/Textures/Accessories/T_Suppressor5_ALB.uasset" 640
"C:/Users/Radek/Documents/Unreal Projects/TPP_Shooter/Content/FPS_Weapon_Bundle/Weapons/Materials/Accessories/M_Suppressor5.uasset" 641
"C:/Users/Radek/Documents/Unreal Projects/TPP_Shooter/Content/FPS_Weapon_Bundle/Weapons/Meshes/Accessories/SM_Suppressor5.uasset" 642
"C:/Users/Radek/Documents/Unreal Projects/TPP_Shooter/Content/FPS_Weapon_Bundle/Weapons/Materials/Accessories/M_Scope_25x56_Lens_NoAlpha.uasset" 643
"C:/Users/Radek/Documents/Unreal Projects/TPP_Shooter/Content/FPS_Weapon_Bundle/Weapons/Meshes/Accessories/SM_Scope_25x56_Y.uasset" 644
"C:/Users/Radek/Documents/Unreal Projects/TPP_Shooter/Content/FPS_Weapon_Bundle/Weapons/Meshes/Ammunition/SM_Shell_556x45_Empty.uasset" 645
"C:/Users/Radek/Documents/Unreal Projects/TPP_Shooter/Content/FPS_Weapon_Bundle/Maps/Weapons_Showcase.umap" 646
"C:/Users/Radek/Documents/Unreal Projects/TPP_Shooter/Content/Menu_UI/Main_Menu/Main_Menu_Buttons.uasset" 647
"C:/Users/Radek/Documents/Unreal Projects/TPP_Shooter/Content/Menu_UI/Main_Menu/Main_Menu.uasset" 648
"C:/Users/Radek/Documents/Unreal Projects/TPP_Shooter/Content/Levels/Main_Menu_Level.umap" 649
"C:/Users/Radek/Documents/Unreal Projects/TPP_Shooter/Content/ThirdPersonBP/Maps/ThirdPersonExampleMap_BuiltData.uasset" 650
"C:/Users/Radek/Documents/Unreal Projects/TPP_Shooter/Content/Intractaleb/Weapons/AR4.uasset" 651
"C:/Users/Radek/Documents/Unreal Projects/TPP_Shooter/Content/Geometry/Meshes/CubeMaterial.uasset" 652
"C:/Users/Radek/Documents/Unreal Projects/TPP_Shooter/Content/Geometry/Meshes/TemplateFloor.uasset" 653
"C:/Users/Radek/Documents/Unreal Projects/TPP_Shooter/Content/Geometry/Meshes/1M_Cube_Chamfer.uasset" 654
"C:/Users/Radek/Documents/Unreal Projects/TPP_Shooter/Content/ThirdPerson/Meshes/RampMaterial.uasset" 655
"C:/Users/Radek/Documents/Unreal Projects/TPP_Shooter/Content/ThirdPerson/Meshes/RightArm_StaticMesh.uasset" 656
"C:/Users/Radek/Documents/Unreal Projects/TPP_Shooter/Content/ThirdPerson/Meshes/Ramp_StaticMesh.uasset" 657
"C:/Users/Radek/Documents/Unreal Projects/TPP_Shooter/Content/ThirdPerson/Meshes/Linear_Stair_StaticMesh.uasset" 658
"C:/Users/Radek/Documents/Unreal Projects/TPP_Shooter/Content/ThirdPerson/Meshes/LeftArm_StaticMesh.uasset" 659
"C:/Users/Radek/Documents/Unreal Projects/TPP_Shooter/Content/ThirdPerson/Meshes/Bump_StaticMesh.uasset" 660
"C:/Users/Radek/Documents/Unreal Projects/TPP_Shooter/Content/Geometry/Meshes/1M_Cube.uasset" 661
"C:/Users/Radek/Documents/Unreal Projects/TPP_Shooter/Content/ThirdPersonBP/Maps/ThirdPersonExampleMap.umap" 662
"../../../Engine/Content/Maps/Entry_BuiltData.uasset" 663
"../../../Engine/Content/Maps/Entry.umap" 664
